This file contains any messages produced by compilers while
running configure, to aid debugging if configure makes a mistake.

It was created by rossnet configure 1.0, which was
generated by GNU Autoconf 2.61.  Invocation command line was

  $ ./configure --with-ip --with-tcp --with-ross=/home/bauerd/work/pdes/trunk/ross/

## --------- ##
## Platform. ##
## --------- ##

hostname = area51.cs.rpi.edu
uname -m = x86_64
uname -r = 2.6.25.5-1.1-default
uname -s = Linux
uname -v = #1 SMP 2008-06-07 01:55:22 +0200

/usr/bin/uname -p = unknown
/bin/uname -X     = unknown

/bin/arch              = x86_64
/usr/bin/arch -k       = unknown
/usr/convex/getsysinfo = unknown
/usr/bin/hostinfo      = unknown
/bin/machine           = unknown
/usr/bin/oslevel       = unknown
/bin/universe          = unknown

PATH: /usr/local/mpich2-1.1.0a1/bin/
PATH: /usr/local/bin
PATH: /usr/bin
PATH: /bin
PATH: /usr/bin/X11
PATH: /usr/X11R6/bin
PATH: /usr/games
PATH: /opt/kde3/bin
PATH: /usr/lib64/jvm/jre/bin
PATH: /usr/lib/mit/bin
PATH: /usr/lib/mit/sbin
PATH: /usr/lib/qt3/bin
PATH: /home/bauerd/work/projects/VTK/bin


## ----------- ##
## Core tests. ##
## ----------- ##

configure:1999: checking for a BSD-compatible install
configure:2055: result: /usr/bin/install -c
configure:2066: checking whether build environment is sane
configure:2109: result: yes
configure:2137: checking for a thread-safe mkdir -p
configure:2176: result: /bin/mkdir -p
configure:2189: checking for gawk
configure:2205: found /usr/bin/gawk
configure:2216: result: gawk
configure:2227: checking whether make sets $(MAKE)
configure:2248: result: yes
configure:2450: checking whether ln -s works
configure:2454: result: yes
configure:2509: checking for gcc
configure:2525: found /usr/bin/gcc
configure:2536: result: gcc
configure:2774: checking for C compiler version
configure:2781: gcc --version >&5
gcc (SUSE Linux) 4.3.1 20080507 (prerelease) [gcc-4_3-branch revision 135036]
Copyright (C) 2008 Free Software Foundation, Inc.
This is free software; see the source for copying conditions.  There is NO
warranty; not even for MERCHANTABILITY or FITNESS FOR A PARTICULAR PURPOSE.

configure:2784: $? = 0
configure:2791: gcc -v >&5
Using built-in specs.
Target: x86_64-suse-linux
Configured with: ../configure --prefix=/usr --with-local-prefix=/usr/local --infodir=/usr/share/info --mandir=/usr/share/man --libdir=/usr/lib64 --libexecdir=/usr/lib64 --enable-languages=c,c++,objc,fortran,obj-c++,java,ada --enable-checking=release --with-gxx-include-dir=/usr/include/c++/4.3 --enable-ssp --disable-libssp --with-bugurl=http://bugs.opensuse.org/ --with-pkgversion='SUSE Linux' --disable-libgcj --with-slibdir=/lib64 --with-system-zlib --enable-__cxa_atexit --enable-libstdcxx-allocator=new --disable-libstdcxx-pch --program-suffix=-4.3 --enable-version-specific-runtime-libs --enable-linux-futex --without-system-libunwind --with-cpu=generic --build=x86_64-suse-linux
Thread model: posix
gcc version 4.3.1 20080507 (prerelease) [gcc-4_3-branch revision 135036] (SUSE Linux) 
configure:2794: $? = 0
configure:2801: gcc -V >&5
gcc: '-V' option must have argument
configure:2804: $? = 1
configure:2827: checking for C compiler default output file name
configure:2854: gcc    conftest.c  >&5
configure:2857: $? = 0
configure:2895: result: a.out
configure:2912: checking whether the C compiler works
configure:2922: ./a.out
configure:2925: $? = 0
configure:2942: result: yes
configure:2949: checking whether we are cross compiling
configure:2951: result: no
configure:2954: checking for suffix of executables
configure:2961: gcc -o conftest    conftest.c  >&5
configure:2964: $? = 0
configure:2988: result: 
configure:2994: checking for suffix of object files
configure:3020: gcc -c   conftest.c >&5
configure:3023: $? = 0
configure:3046: result: o
configure:3050: checking whether we are using the GNU C compiler
configure:3079: gcc -c   conftest.c >&5
configure:3085: $? = 0
configure:3102: result: yes
configure:3107: checking whether gcc accepts -g
configure:3137: gcc -c -g  conftest.c >&5
configure:3143: $? = 0
configure:3242: result: yes
configure:3259: checking for gcc option to accept ISO C89
configure:3333: gcc  -c -g -O2  conftest.c >&5
configure:3339: $? = 0
configure:3362: result: none needed
configure:3391: checking for style of include used by make
configure:3419: result: GNU
configure:3444: checking dependency style of gcc
configure:3535: result: gcc3
configure:3608: checking for g++
configure:3624: found /usr/bin/g++
configure:3635: result: g++
configure:3666: checking for C++ compiler version
configure:3673: g++ --version >&5
g++ (SUSE Linux) 4.3.1 20080507 (prerelease) [gcc-4_3-branch revision 135036]
Copyright (C) 2008 Free Software Foundation, Inc.
This is free software; see the source for copying conditions.  There is NO
warranty; not even for MERCHANTABILITY or FITNESS FOR A PARTICULAR PURPOSE.

configure:3676: $? = 0
configure:3683: g++ -v >&5
Using built-in specs.
Target: x86_64-suse-linux
Configured with: ../configure --prefix=/usr --with-local-prefix=/usr/local --infodir=/usr/share/info --mandir=/usr/share/man --libdir=/usr/lib64 --libexecdir=/usr/lib64 --enable-languages=c,c++,objc,fortran,obj-c++,java,ada --enable-checking=release --with-gxx-include-dir=/usr/include/c++/4.3 --enable-ssp --disable-libssp --with-bugurl=http://bugs.opensuse.org/ --with-pkgversion='SUSE Linux' --disable-libgcj --with-slibdir=/lib64 --with-system-zlib --enable-__cxa_atexit --enable-libstdcxx-allocator=new --disable-libstdcxx-pch --program-suffix=-4.3 --enable-version-specific-runtime-libs --enable-linux-futex --without-system-libunwind --with-cpu=generic --build=x86_64-suse-linux
Thread model: posix
gcc version 4.3.1 20080507 (prerelease) [gcc-4_3-branch revision 135036] (SUSE Linux) 
configure:3686: $? = 0
configure:3693: g++ -V >&5
g++: '-V' option must have argument
configure:3696: $? = 1
configure:3699: checking whether we are using the GNU C++ compiler
configure:3728: g++ -c   conftest.cpp >&5
configure:3734: $? = 0
configure:3751: result: yes
configure:3756: checking whether g++ accepts -g
configure:3786: g++ -c -g  conftest.cpp >&5
configure:3792: $? = 0
configure:3891: result: yes
configure:3916: checking dependency style of g++
configure:4007: result: gcc3
configure:4035: checking for a BSD-compatible install
configure:4091: result: /usr/bin/install -c
configure:4102: checking whether make sets $(MAKE)
configure:4123: result: yes
configure:4212: checking build system type
configure:4230: result: x86_64-unknown-linux-gnu
configure:4252: checking host system type
configure:4267: result: x86_64-unknown-linux-gnu
configure:4289: checking for a sed that does not truncate output
configure:4345: result: /usr/bin/sed
configure:4348: checking for grep that handles long lines and -e
configure:4422: result: /usr/bin/grep
configure:4427: checking for egrep
configure:4505: result: /usr/bin/grep -E
configure:4521: checking for ld used by gcc
configure:4588: result: /usr/x86_64-suse-linux/bin/ld
configure:4597: checking if the linker (/usr/x86_64-suse-linux/bin/ld) is GNU ld
configure:4612: result: yes
configure:4617: checking for /usr/x86_64-suse-linux/bin/ld option to reload object files
configure:4624: result: -r
configure:4642: checking for BSD-compatible nm
configure:4691: result: /usr/bin/nm -B
configure:4695: checking how to recognize dependent libraries
configure:4881: result: pass_all
configure:4970: gcc -c -g -O2  conftest.c >&5
configure:4973: $? = 0
configure:5126: checking how to run the C preprocessor
configure:5166: gcc -E  conftest.c
configure:5172: $? = 0
configure:5203: gcc -E  conftest.c
conftest.c:8:28: error: ac_nonexistent.h: No such file or directory
configure:5209: $? = 1
configure: failed program was:
| /* confdefs.h.  */
| #define PACKAGE_NAME "rossnet"
| #define PACKAGE_TARNAME "rossnet"
| #define PACKAGE_VERSION "1.0"
| #define PACKAGE_STRING "rossnet 1.0"
| #define PACKAGE_BUGREPORT "BUG-REPORT-ADDRESS"
| /* end confdefs.h.  */
| #include <ac_nonexistent.h>
configure:5242: result: gcc -E
configure:5271: gcc -E  conftest.c
configure:5277: $? = 0
configure:5308: gcc -E  conftest.c
conftest.c:8:28: error: ac_nonexistent.h: No such file or directory
configure:5314: $? = 1
configure: failed program was:
| /* confdefs.h.  */
| #define PACKAGE_NAME "rossnet"
| #define PACKAGE_TARNAME "rossnet"
| #define PACKAGE_VERSION "1.0"
| #define PACKAGE_STRING "rossnet 1.0"
| #define PACKAGE_BUGREPORT "BUG-REPORT-ADDRESS"
| /* end confdefs.h.  */
| #include <ac_nonexistent.h>
configure:5352: checking for ANSI C header files
configure:5382: gcc -c -g -O2  conftest.c >&5
configure:5388: $? = 0
configure:5487: gcc -o conftest -g -O2   conftest.c  >&5
configure:5490: $? = 0
configure:5496: ./conftest
configure:5499: $? = 0
configure:5516: result: yes
configure:5540: checking for sys/types.h
configure:5561: gcc -c -g -O2  conftest.c >&5
configure:5567: $? = 0
configure:5583: result: yes
configure:5540: checking for sys/stat.h
configure:5561: gcc -c -g -O2  conftest.c >&5
configure:5567: $? = 0
configure:5583: result: yes
configure:5540: checking for stdlib.h
configure:5561: gcc -c -g -O2  conftest.c >&5
configure:5567: $? = 0
configure:5583: result: yes
configure:5540: checking for string.h
configure:5561: gcc -c -g -O2  conftest.c >&5
configure:5567: $? = 0
configure:5583: result: yes
configure:5540: checking for memory.h
configure:5561: gcc -c -g -O2  conftest.c >&5
configure:5567: $? = 0
configure:5583: result: yes
configure:5540: checking for strings.h
configure:5561: gcc -c -g -O2  conftest.c >&5
configure:5567: $? = 0
configure:5583: result: yes
configure:5540: checking for inttypes.h
configure:5561: gcc -c -g -O2  conftest.c >&5
configure:5567: $? = 0
configure:5583: result: yes
configure:5540: checking for stdint.h
configure:5561: gcc -c -g -O2  conftest.c >&5
configure:5567: $? = 0
configure:5583: result: yes
configure:5540: checking for unistd.h
configure:5561: gcc -c -g -O2  conftest.c >&5
configure:5567: $? = 0
configure:5583: result: yes
configure:5610: checking dlfcn.h usability
configure:5627: gcc -c -g -O2  conftest.c >&5
configure:5633: $? = 0
configure:5647: result: yes
configure:5651: checking dlfcn.h presence
configure:5666: gcc -E  conftest.c
configure:5672: $? = 0
configure:5686: result: yes
configure:5719: checking for dlfcn.h
configure:5727: result: yes
configure:5750: checking how to run the C++ preprocessor
configure:5786: g++ -E  conftest.cpp
configure:5792: $? = 0
configure:5823: g++ -E  conftest.cpp
conftest.cpp:19:28: error: ac_nonexistent.h: No such file or directory
configure:5829: $? = 1
configure: failed program was:
| /* confdefs.h.  */
| #define PACKAGE_NAME "rossnet"
| #define PACKAGE_TARNAME "rossnet"
| #define PACKAGE_VERSION "1.0"
| #define PACKAGE_STRING "rossnet 1.0"
| #define PACKAGE_BUGREPORT "BUG-REPORT-ADDRESS"
| #define STDC_HEADERS 1
| #define HAVE_SYS_TYPES_H 1
| #define HAVE_SYS_STAT_H 1
| #define HAVE_STDLIB_H 1
| #define HAVE_STRING_H 1
| #define HAVE_MEMORY_H 1
| #define HAVE_STRINGS_H 1
| #define HAVE_INTTYPES_H 1
| #define HAVE_STDINT_H 1
| #define HAVE_UNISTD_H 1
| #define HAVE_DLFCN_H 1
| /* end confdefs.h.  */
| #include <ac_nonexistent.h>
configure:5862: result: g++ -E
configure:5891: g++ -E  conftest.cpp
configure:5897: $? = 0
configure:5928: g++ -E  conftest.cpp
conftest.cpp:19:28: error: ac_nonexistent.h: No such file or directory
configure:5934: $? = 1
configure: failed program was:
| /* confdefs.h.  */
| #define PACKAGE_NAME "rossnet"
| #define PACKAGE_TARNAME "rossnet"
| #define PACKAGE_VERSION "1.0"
| #define PACKAGE_STRING "rossnet 1.0"
| #define PACKAGE_BUGREPORT "BUG-REPORT-ADDRESS"
| #define STDC_HEADERS 1
| #define HAVE_SYS_TYPES_H 1
| #define HAVE_SYS_STAT_H 1
| #define HAVE_STDLIB_H 1
| #define HAVE_STRING_H 1
| #define HAVE_MEMORY_H 1
| #define HAVE_STRINGS_H 1
| #define HAVE_INTTYPES_H 1
| #define HAVE_STDINT_H 1
| #define HAVE_UNISTD_H 1
| #define HAVE_DLFCN_H 1
| /* end confdefs.h.  */
| #include <ac_nonexistent.h>
configure:6027: checking for g77
configure:6043: found /usr/bin/g77
configure:6054: result: g77
configure:6084: checking for Fortran 77 compiler version
configure:6091: g77 --version >&5
GNU Fortran (GCC) 3.3.5 20050117 (prerelease) (SUSE Linux)
Copyright (C) 2002 Free Software Foundation, Inc.

GNU Fortran comes with NO WARRANTY, to the extent permitted by law.
You may redistribute copies of GNU Fortran
under the terms of the GNU General Public License.
For more information about these matters, see the file named COPYING
or type the command `info -f g77 Copying'.
configure:6094: $? = 0
configure:6101: g77 -v >&5
Reading specs from /usr/lib64/gcc-lib/x86_64-suse-linux/3.3.5/specs
Configured with: ../configure --enable-threads=posix --prefix=/usr --with-local-prefix=/usr/local --infodir=/usr/share/info --mandir=/usr/share/man --enable-languages=c,f77 --disable-checking --libdir=/usr/lib64 --disable-libgcj --with-slibdir=/lib64 --with-system-zlib --enable-shared --enable-__cxa_atexit x86_64-suse-linux
Thread model: posix
gcc version 3.3.5 20050117 (prerelease) (SUSE Linux)
configure:6104: $? = 0
configure:6111: g77 -V >&5
g77: `-V' option must have argument
configure:6114: $? = 1
configure:6122: checking whether we are using the GNU Fortran 77 compiler
configure:6141: g77 -c  conftest.F >&5
configure:6147: $? = 0
configure:6164: result: yes
configure:6170: checking whether g77 accepts -g
configure:6187: g77 -c -g conftest.f >&5
configure:6193: $? = 0
configure:6209: result: yes
configure:6238: checking the maximum length of command line arguments
configure:6350: result: 1572864
configure:6362: checking command to parse /usr/bin/nm -B output from gcc object
configure:6467: gcc -c -g -O2  conftest.c >&5
configure:6470: $? = 0
configure:6474: /usr/bin/nm -B conftest.o \| sed -n -e 's/^.*[ 	]\([ABCDGIRSTW][ABCDGIRSTW]*\)[ 	][ 	]*\([_A-Za-z][_A-Za-z0-9]*\)$/\1 \2 \2/p' \> conftest.nm
configure:6477: $? = 0
configure:6529: gcc -o conftest -g -O2   conftest.c conftstm.o >&5
configure:6532: $? = 0
configure:6570: result: ok
configure:6574: checking for objdir
configure:6589: result: .libs
configure:6681: checking for ar
configure:6697: found /usr/bin/ar
configure:6708: result: ar
configure:6777: checking for ranlib
configure:6793: found /usr/bin/ranlib
configure:6804: result: ranlib
configure:6873: checking for strip
configure:6889: found /usr/bin/strip
configure:6900: result: strip
configure:7498: checking if gcc supports -fno-rtti -fno-exceptions
configure:7516: gcc -c -g -O2  -fno-rtti -fno-exceptions conftest.c >&5
cc1: warning: command line option "-fno-rtti" is valid for C++/ObjC++ but not for C
configure:7520: $? = 0
configure:7533: result: no
configure:7548: checking for gcc option to produce PIC
configure:7780: result: -fPIC
configure:7788: checking if gcc PIC flag -fPIC works
configure:7806: gcc -c -g -O2  -fPIC -DPIC conftest.c >&5
configure:7810: $? = 0
configure:7823: result: yes
configure:7851: checking if gcc static flag -static works
configure:7879: result: yes
configure:7889: checking if gcc supports -c -o file.o
configure:7910: gcc -c -g -O2  -o out/conftest2.o conftest.c >&5
configure:7914: $? = 0
configure:7936: result: yes
configure:7962: checking whether the gcc linker (/usr/x86_64-suse-linux/bin/ld -m elf_x86_64) supports shared libraries
configure:8942: result: yes
configure:9009: checking dynamic linker characteristics
configure:9611: result: GNU/Linux ld.so
configure:9635: checking how to hardcode library paths into programs
configure:9660: result: immediate
configure:9674: checking whether stripping libraries is possible
configure:9679: result: yes
configure:10481: checking if libtool supports shared libraries
configure:10483: result: yes
configure:10486: checking whether to build shared libraries
configure:10507: result: no
configure:10510: checking whether to build static libraries
configure:10514: result: yes
configure:10608: creating libtool
configure:11201: checking for ld used by g++
configure:11268: result: /usr/x86_64-suse-linux/bin/ld -m elf_x86_64
configure:11277: checking if the linker (/usr/x86_64-suse-linux/bin/ld -m elf_x86_64) is GNU ld
configure:11292: result: yes
configure:11343: checking whether the g++ linker (/usr/x86_64-suse-linux/bin/ld -m elf_x86_64) supports shared libraries
configure:12289: result: yes
configure:12306: g++ -c -g -O2  conftest.cpp >&5
configure:12309: $? = 0
configure:12465: checking for g++ option to produce PIC
configure:12749: result: -fPIC
configure:12757: checking if g++ PIC flag -fPIC works
configure:12775: g++ -c -g -O2  -fPIC -DPIC conftest.cpp >&5
configure:12779: $? = 0
configure:12792: result: yes
configure:12820: checking if g++ static flag -static works
configure:12848: result: yes
configure:12858: checking if g++ supports -c -o file.o
configure:12879: g++ -c -g -O2  -o out/conftest2.o conftest.cpp >&5
configure:12883: $? = 0
configure:12905: result: yes
configure:12931: checking whether the g++ linker (/usr/x86_64-suse-linux/bin/ld -m elf_x86_64) supports shared libraries
configure:12957: result: yes
configure:13024: checking dynamic linker characteristics
configure:13574: result: GNU/Linux ld.so
configure:13598: checking how to hardcode library paths into programs
configure:13623: result: immediate
configure:14162: checking if libtool supports shared libraries
configure:14164: result: yes
configure:14167: checking whether to build shared libraries
configure:14187: result: no
configure:14190: checking whether to build static libraries
configure:14194: result: yes
configure:14204: checking for g77 option to produce PIC
configure:14436: result: -fPIC
configure:14444: checking if g77 PIC flag -fPIC works
configure:14462: g77 -c -g -O2 -fPIC conftest.f >&5
configure:14466: $? = 0
configure:14479: result: yes
configure:14507: checking if g77 static flag -static works
configure:14535: result: yes
configure:14545: checking if g77 supports -c -o file.o
configure:14566: g77 -c -g -O2 -o out/conftest2.o conftest.f >&5
configure:14570: $? = 0
configure:14592: result: yes
configure:14618: checking whether the g77 linker (/usr/x86_64-suse-linux/bin/ld -m elf_x86_64) supports shared libraries
configure:15578: result: yes
configure:15645: checking dynamic linker characteristics
configure:16195: result: GNU/Linux ld.so
configure:16219: checking how to hardcode library paths into programs
configure:16244: result: immediate
configure:19847: checking for pthread_create in -lpthread
configure:19882: gcc -o conftest -g -O2   conftest.c -lpthread   >&5
configure:19888: $? = 0
configure:19906: result: yes
configure:19918: checking for acos in -lm
configure:19953: gcc -o conftest -g -O2   conftest.c -lm  -lpthread  >&5
conftest.c:27: warning: conflicting types for built-in function 'acos'
configure:19959: $? = 0
configure:19977: result: yes
configure:19989: checking for compress in -lz
configure:20024: gcc -o conftest -g -O2   conftest.c -lz  -lm -lpthread  >&5
configure:20030: $? = 0
configure:20048: result: yes
configure:20060: checking for xmlXPathInit in -lxml2
configure:20095: gcc -o conftest -g -O2   conftest.c -lxml2  -lz -lm -lpthread  >&5
configure:20101: $? = 0
configure:20119: result: yes
configure:20148: checking fcntl.h usability
configure:20165: gcc -c -g -O2  conftest.c >&5
configure:20171: $? = 0
configure:20185: result: yes
configure:20189: checking fcntl.h presence
configure:20204: gcc -E  conftest.c
configure:20210: $? = 0
configure:20224: result: yes
configure:20257: checking for fcntl.h
configure:20265: result: yes
configure:20138: checking for unistd.h
configure:20144: result: yes
configure:20296: checking errno.h usability
configure:20313: gcc -c -g -O2  conftest.c >&5
configure:20319: $? = 0
configure:20333: result: yes
configure:20337: checking errno.h presence
configure:20352: gcc -E  conftest.c
configure:20358: $? = 0
configure:20372: result: yes
configure:20405: checking for errno.h
configure:20413: result: yes
configure:20296: checking limits.h usability
configure:20313: gcc -c -g -O2  conftest.c >&5
configure:20319: $? = 0
configure:20333: result: yes
configure:20337: checking limits.h presence
configure:20352: gcc -E  conftest.c
configure:20358: $? = 0
configure:20372: result: yes
configure:20405: checking for limits.h
configure:20413: result: yes
configure:20296: checking signal.h usability
configure:20313: gcc -c -g -O2  conftest.c >&5
configure:20319: $? = 0
configure:20333: result: yes
configure:20337: checking signal.h presence
configure:20352: gcc -E  conftest.c
configure:20358: $? = 0
configure:20372: result: yes
configure:20405: checking for signal.h
configure:20413: result: yes
configure:20296: checking stdarg.h usability
configure:20313: gcc -c -g -O2  conftest.c >&5
configure:20319: $? = 0
configure:20333: result: yes
configure:20337: checking stdarg.h presence
configure:20352: gcc -E  conftest.c
configure:20358: $? = 0
configure:20372: result: yes
configure:20405: checking for stdarg.h
configure:20413: result: yes
configure:20443: checking stdio.h usability
configure:20460: gcc -c -g -O2  conftest.c >&5
configure:20466: $? = 0
configure:20480: result: yes
configure:20484: checking stdio.h presence
configure:20499: gcc -E  conftest.c
configure:20505: $? = 0
configure:20519: result: yes
configure:20552: checking for stdio.h
configure:20560: result: yes
configure:20443: checking sys/time.h usability
configure:20460: gcc -c -g -O2  conftest.c >&5
configure:20466: $? = 0
configure:20480: result: yes
configure:20484: checking sys/time.h presence
configure:20499: gcc -E  conftest.c
configure:20505: $? = 0
configure:20519: result: yes
configure:20552: checking for sys/time.h
configure:20560: result: yes
configure:20433: checking for sys/types.h
configure:20439: result: yes
configure:20589: checking math.h usability
configure:20606: gcc -c -g -O2  conftest.c >&5
configure:20612: $? = 0
configure:20626: result: yes
configure:20630: checking math.h presence
configure:20645: gcc -E  conftest.c
configure:20651: $? = 0
configure:20665: result: yes
configure:20698: checking for math.h
configure:20706: result: yes
configure:20589: checking pthread.h usability
configure:20606: gcc -c -g -O2  conftest.c >&5
configure:20612: $? = 0
configure:20626: result: yes
configure:20630: checking pthread.h presence
configure:20645: gcc -E  conftest.c
configure:20651: $? = 0
configure:20665: result: yes
configure:20698: checking for pthread.h
configure:20706: result: yes
configure:20734: checking libxml/xpointer.h usability
configure:20751: gcc -c -g -O2  conftest.c >&5
configure:20757: $? = 0
configure:20771: result: yes
configure:20775: checking libxml/xpointer.h presence
configure:20790: gcc -E  conftest.c
configure:20796: $? = 0
configure:20810: result: yes
configure:20843: checking for libxml/xpointer.h
configure:20851: result: yes
configure:20866: checking for an ANSI C-conforming const
configure:20941: gcc -c -g -O2  conftest.c >&5
configure:20947: $? = 0
configure:20962: result: yes
configure:20972: checking for inline
configure:20998: gcc -c -g -O2  conftest.c >&5
configure:21004: $? = 0
configure:21022: result: inline
configure:21041: checking for stdbool.h that conforms to C99
configure:21134: gcc -c -g -O2  conftest.c >&5
configure:21140: $? = 0
configure:21155: result: yes
configure:21157: checking for _Bool
configure:21187: gcc -c -g -O2  conftest.c >&5
configure:21193: $? = 0
configure:21208: result: yes
configure:21229: checking for ANSI C header files
configure:21393: result: yes
configure:21408: checking for stdlib.h
configure:21414: result: yes
configure:21548: checking for GNU libc compatible malloc
configure:21582: gcc -o conftest -g -O2   conftest.c -lxml2 -lz -lm -lpthread  >&5
configure:21585: $? = 0
configure:21591: ./conftest
configure:21594: $? = 0
configure:21610: result: yes
configure:21642: checking for vprintf
configure:21698: gcc -o conftest -g -O2   conftest.c -lxml2 -lz -lm -lpthread  >&5
conftest.c:63: warning: conflicting types for built-in function 'vprintf'
configure:21704: $? = 0
configure:21722: result: yes
configure:21729: checking for _doprnt
configure:21785: gcc -o conftest -g -O2   conftest.c -lxml2 -lz -lm -lpthread  >&5
/tmp/ccezKJYL.o: In function `main':
/home/bauerd/work/pdes/trunk/models/rossnet/conftest.c:75: undefined reference to `_doprnt'
collect2: ld returned 1 exit status
configure:21791: $? = 1
configure: failed program was:
| /* confdefs.h.  */
| #define PACKAGE_NAME "rossnet"
| #define PACKAGE_TARNAME "rossnet"
| #define PACKAGE_VERSION "1.0"
| #define PACKAGE_STRING "rossnet 1.0"
| #define PACKAGE_BUGREPORT "BUG-REPORT-ADDRESS"
| #define STDC_HEADERS 1
| #define HAVE_SYS_TYPES_H 1
| #define HAVE_SYS_STAT_H 1
| #define HAVE_STDLIB_H 1
| #define HAVE_STRING_H 1
| #define HAVE_MEMORY_H 1
| #define HAVE_STRINGS_H 1
| #define HAVE_INTTYPES_H 1
| #define HAVE_STDINT_H 1
| #define HAVE_UNISTD_H 1
| #define HAVE_DLFCN_H 1
| #define HAVE_LIBPTHREAD 1
| #define HAVE_LIBM 1
| #define HAVE_LIBZ 1
| #define HAVE_LIBXML2 1
| #define HAVE_FCNTL_H 1
| #define HAVE_UNISTD_H 1
| #define HAVE_ERRNO_H 1
| #define HAVE_LIMITS_H 1
| #define HAVE_SIGNAL_H 1
| #define HAVE_STDARG_H 1
| #define HAVE_STDIO_H 1
| #define HAVE_SYS_TIME_H 1
| #define HAVE_SYS_TYPES_H 1
| #define HAVE_MATH_H 1
| #define HAVE_PTHREAD_H 1
| #define HAVE_LIBXML_XPOINTER_H 1
| #define HAVE__BOOL 1
| #define HAVE_STDBOOL_H 1
| #define STDC_HEADERS 1
| #define HAVE_STDLIB_H 1
| #define HAVE_MALLOC 1
| #define HAVE_VPRINTF 1
| /* end confdefs.h.  */
| /* Define _doprnt to an innocuous variant, in case <limits.h> declares _doprnt.
|    For example, HP-UX 11i <limits.h> declares gettimeofday.  */
| #define _doprnt innocuous__doprnt
| 
| /* System header to define __stub macros and hopefully few prototypes,
|     which can conflict with char _doprnt (); below.
|     Prefer <limits.h> to <assert.h> if __STDC__ is defined, since
|     <limits.h> exists even on freestanding compilers.  */
| 
| #ifdef __STDC__
| # include <limits.h>
| #else
| # include <assert.h>
| #endif
| 
| #undef _doprnt
| 
| /* Override any GCC internal prototype to avoid an error.
|    Use char because int might match the return type of a GCC
|    builtin and then its argument prototype would still apply.  */
| #ifdef __cplusplus
| extern "C"
| #endif
| char _doprnt ();
| /* The GNU C library defines this for functions which it implements
|     to always fail with ENOSYS.  Some functions are actually named
|     something starting with __ and the normal name is an alias.  */
| #if defined __stub__doprnt || defined __stub____doprnt
| choke me
| #endif
| 
| int
| main ()
| {
| return _doprnt ();
|   ;
|   return 0;
| }
configure:21808: result: no
configure:21822: checking for working memcmp
configure:21875: gcc -o conftest -g -O2   conftest.c -lxml2 -lz -lm -lpthread  >&5
configure:21878: $? = 0
configure:21884: ./conftest
configure:21887: $? = 0
configure:21903: result: yes
configure:21912: checking return type of signal handlers
configure:21940: gcc -c -g -O2  conftest.c >&5
conftest.c: In function 'main':
conftest.c:47: error: void value not ignored as it ought to be
configure:21946: $? = 1
configure: failed program was:
| /* confdefs.h.  */
| #define PACKAGE_NAME "rossnet"
| #define PACKAGE_TARNAME "rossnet"
| #define PACKAGE_VERSION "1.0"
| #define PACKAGE_STRING "rossnet 1.0"
| #define PACKAGE_BUGREPORT "BUG-REPORT-ADDRESS"
| #define STDC_HEADERS 1
| #define HAVE_SYS_TYPES_H 1
| #define HAVE_SYS_STAT_H 1
| #define HAVE_STDLIB_H 1
| #define HAVE_STRING_H 1
| #define HAVE_MEMORY_H 1
| #define HAVE_STRINGS_H 1
| #define HAVE_INTTYPES_H 1
| #define HAVE_STDINT_H 1
| #define HAVE_UNISTD_H 1
| #define HAVE_DLFCN_H 1
| #define HAVE_LIBPTHREAD 1
| #define HAVE_LIBM 1
| #define HAVE_LIBZ 1
| #define HAVE_LIBXML2 1
| #define HAVE_FCNTL_H 1
| #define HAVE_UNISTD_H 1
| #define HAVE_ERRNO_H 1
| #define HAVE_LIMITS_H 1
| #define HAVE_SIGNAL_H 1
| #define HAVE_STDARG_H 1
| #define HAVE_STDIO_H 1
| #define HAVE_SYS_TIME_H 1
| #define HAVE_SYS_TYPES_H 1
| #define HAVE_MATH_H 1
| #define HAVE_PTHREAD_H 1
| #define HAVE_LIBXML_XPOINTER_H 1
| #define HAVE__BOOL 1
| #define HAVE_STDBOOL_H 1
| #define STDC_HEADERS 1
| #define HAVE_STDLIB_H 1
| #define HAVE_MALLOC 1
| #define HAVE_VPRINTF 1
| /* end confdefs.h.  */
| #include <sys/types.h>
| #include <signal.h>
| 
| int
| main ()
| {
| return *(signal (0, 0)) (0) == 1;
|   ;
|   return 0;
| }
configure:21961: result: void
configure:21978: checking for bzero
configure:22034: gcc -o conftest -g -O2   conftest.c -lxml2 -lz -lm -lpthread  >&5
conftest.c:65: warning: conflicting types for built-in function 'bzero'
configure:22040: $? = 0
configure:22058: result: yes
configure:21978: checking for floor
configure:22034: gcc -o conftest -g -O2   conftest.c -lxml2 -lz -lm -lpthread  >&5
conftest.c:66: warning: conflicting types for built-in function 'floor'
configure:22040: $? = 0
configure:22058: result: yes
configure:21978: checking for pow
configure:22034: gcc -o conftest -g -O2   conftest.c -lxml2 -lz -lm -lpthread  >&5
conftest.c:67: warning: conflicting types for built-in function 'pow'
configure:22040: $? = 0
configure:22058: result: yes
configure:21978: checking for memcpy
configure:22034: gcc -o conftest -g -O2   conftest.c -lxml2 -lz -lm -lpthread  >&5
conftest.c:68: warning: conflicting types for built-in function 'memcpy'
configure:22040: $? = 0
configure:22058: result: yes
configure:21978: checking for sigaction
configure:22034: gcc -o conftest -g -O2   conftest.c -lxml2 -lz -lm -lpthread  >&5
configure:22040: $? = 0
configure:22058: result: yes
configure:21978: checking for gettimeofday
configure:22034: gcc -o conftest -g -O2   conftest.c -lxml2 -lz -lm -lpthread  >&5
configure:22040: $? = 0
configure:22058: result: yes
configure:22254: checking for ROSS in /home/bauerd/work/pdes/trunk/ross/
configure:22473: result: "/home/bauerd/work/pdes/trunk/ross//libROSS.a"
configure:22609: creating ./config.status

## ---------------------- ##
## Running config.status. ##
## ---------------------- ##

This file was extended by rossnet config.status 1.0, which was
generated by GNU Autoconf 2.61.  Invocation command line was

  CONFIG_FILES    = 
  CONFIG_HEADERS  = 
  CONFIG_LINKS    = 
  CONFIG_COMMANDS = 
  $ ./config.status 

on area51.cs.rpi.edu

config.status:688: creating Makefile
config.status:688: creating rossnet/Makefile
config.status:688: creating modules/Makefile
config.status:688: creating modules/mobility/Makefile
config.status:688: creating modules/mobility/random-walk/Makefile
config.status:688: creating modules/application/Makefile
config.status:688: creating modules/application/epi/Makefile
config.status:688: creating modules/application/num/Makefile
config.status:688: creating modules/application/ftp/Makefile
config.status:688: creating modules/application/phold/Makefile
config.status:688: creating modules/application/ip-traffic/Makefile
config.status:688: creating modules/datalink/Makefile
config.status:688: creating modules/network/Makefile
config.status:688: creating modules/network/ip/Makefile
config.status:688: creating modules/network/ospfv2/Makefile
config.status:688: creating modules/network/bgp4/Makefile
config.status:688: creating modules/network/multicast/Makefile
config.status:688: creating modules/presentation/Makefile
config.status:688: creating modules/session/Makefile
config.status:688: creating modules/physical/Makefile
config.status:688: creating modules/physical/tlm/Makefile
config.status:688: creating modules/transport/Makefile
config.status:688: creating modules/transport/tcp/Makefile
config.status:688: creating rossnet/rossnet_config.h
config.status:956: rossnet/rossnet_config.h is unchanged
config.status:1003: executing depfiles commands

## ---------------- ##
## Cache variables. ##
## ---------------- ##

ac_cv_build=x86_64-unknown-linux-gnu
ac_cv_c_compiler_gnu=yes
ac_cv_c_const=yes
ac_cv_c_inline=inline
ac_cv_cxx_compiler_gnu=yes
ac_cv_env_CCC_set=
ac_cv_env_CCC_value=
ac_cv_env_CC_set=
ac_cv_env_CC_value=
ac_cv_env_CFLAGS_set=
ac_cv_env_CFLAGS_value=
ac_cv_env_CPPFLAGS_set=
ac_cv_env_CPPFLAGS_value=
ac_cv_env_CPP_set=
ac_cv_env_CPP_value=
ac_cv_env_CXXCPP_set=
ac_cv_env_CXXCPP_value=
ac_cv_env_CXXFLAGS_set=
ac_cv_env_CXXFLAGS_value=
ac_cv_env_CXX_set=
ac_cv_env_CXX_value=
ac_cv_env_F77_set=
ac_cv_env_F77_value=
ac_cv_env_FFLAGS_set=
ac_cv_env_FFLAGS_value=
ac_cv_env_LDFLAGS_set=
ac_cv_env_LDFLAGS_value=
ac_cv_env_LIBS_set=
ac_cv_env_LIBS_value=
ac_cv_env_build_alias_set=
ac_cv_env_build_alias_value=
ac_cv_env_host_alias_set=
ac_cv_env_host_alias_value=
ac_cv_env_target_alias_set=
ac_cv_env_target_alias_value=
ac_cv_f77_compiler_gnu=yes
ac_cv_func__doprnt=no
ac_cv_func_bzero=yes
ac_cv_func_floor=yes
ac_cv_func_gettimeofday=yes
ac_cv_func_malloc_0_nonnull=yes
ac_cv_func_memcmp_working=yes
ac_cv_func_memcpy=yes
ac_cv_func_pow=yes
ac_cv_func_sigaction=yes
ac_cv_func_vprintf=yes
ac_cv_header_dlfcn_h=yes
ac_cv_header_errno_h=yes
ac_cv_header_fcntl_h=yes
ac_cv_header_inttypes_h=yes
ac_cv_header_libxml_xpointer_h=yes
ac_cv_header_limits_h=yes
ac_cv_header_math_h=yes
ac_cv_header_memory_h=yes
ac_cv_header_pthread_h=yes
ac_cv_header_signal_h=yes
ac_cv_header_stdarg_h=yes
ac_cv_header_stdbool_h=yes
ac_cv_header_stdc=yes
ac_cv_header_stdint_h=yes
ac_cv_header_stdio_h=yes
ac_cv_header_stdlib_h=yes
ac_cv_header_string_h=yes
ac_cv_header_strings_h=yes
ac_cv_header_sys_stat_h=yes
ac_cv_header_sys_time_h=yes
ac_cv_header_sys_types_h=yes
ac_cv_header_unistd_h=yes
ac_cv_host=x86_64-unknown-linux-gnu
ac_cv_lib_m_acos=yes
ac_cv_lib_pthread_pthread_create=yes
ac_cv_lib_xml2_xmlXPathInit=yes
ac_cv_lib_z_compress=yes
ac_cv_objext=o
ac_cv_path_EGREP='/usr/bin/grep -E'
ac_cv_path_GREP=/usr/bin/grep
ac_cv_path_install='/usr/bin/install -c'
ac_cv_path_mkdir=/bin/mkdir
ac_cv_prog_AWK=gawk
ac_cv_prog_CPP='gcc -E'
ac_cv_prog_CXXCPP='g++ -E'
ac_cv_prog_ac_ct_AR=ar
ac_cv_prog_ac_ct_CC=gcc
ac_cv_prog_ac_ct_CXX=g++
ac_cv_prog_ac_ct_F77=g77
ac_cv_prog_ac_ct_RANLIB=ranlib
ac_cv_prog_ac_ct_STRIP=strip
ac_cv_prog_cc_c89=
ac_cv_prog_cc_g=yes
ac_cv_prog_cxx_g=yes
ac_cv_prog_f77_g=yes
ac_cv_prog_make_make_set=yes
ac_cv_type__Bool=yes
ac_cv_type_signal=void
am_cv_CC_dependencies_compiler_type=gcc3
am_cv_CXX_dependencies_compiler_type=gcc3
lt_cv_deplibs_check_method=pass_all
lt_cv_file_magic_cmd='$MAGIC_CMD'
lt_cv_file_magic_test_file=
lt_cv_ld_reload_flag=-r
lt_cv_objdir=.libs
lt_cv_path_LD=/usr/x86_64-suse-linux/bin/ld
lt_cv_path_LDCXX='/usr/x86_64-suse-linux/bin/ld -m elf_x86_64'
lt_cv_path_NM='/usr/bin/nm -B'
lt_cv_path_SED=/usr/bin/sed
lt_cv_prog_compiler_c_o=yes
lt_cv_prog_compiler_c_o_CXX=yes
lt_cv_prog_compiler_c_o_F77=yes
lt_cv_prog_compiler_pic_works=yes
lt_cv_prog_compiler_pic_works_CXX=yes
lt_cv_prog_compiler_pic_works_F77=yes
lt_cv_prog_compiler_rtti_exceptions=no
lt_cv_prog_compiler_static_works=yes
lt_cv_prog_compiler_static_works_CXX=yes
lt_cv_prog_compiler_static_works_F77=yes
lt_cv_prog_gnu_ld=yes
lt_cv_prog_gnu_ldcxx=yes
lt_cv_sys_global_symbol_pipe='sed -n -e '\''s/^.*[ 	]\([ABCDGIRSTW][ABCDGIRSTW]*\)[ 	][ 	]*\([_A-Za-z][_A-Za-z0-9]*\)$/\1 \2 \2/p'\'''
lt_cv_sys_global_symbol_to_c_name_address='sed -n -e '\''s/^: \([^ ]*\) $/  {\"\1\", (lt_ptr) 0},/p'\'' -e '\''s/^[BCDEGRST] \([^ ]*\) \([^ ]*\)$/  {"\2", (lt_ptr) \&\2},/p'\'''
lt_cv_sys_global_symbol_to_cdecl='sed -n -e '\''s/^. .* \(.*\)$/extern int \1;/p'\'''
lt_cv_sys_lib_dlsearch_path_spec='/lib /usr/lib /usr/X11R6/lib64/Xaw3d /usr/X11R6/lib64 /usr/lib64/Xaw3d /usr/X11R6/lib/Xaw3d /usr/X11R6/lib /usr/lib/Xaw3d /usr/x86_64-suse-linux/lib /usr/local/lib /opt/kde3/lib /lib64 /lib /usr/lib64 /usr/lib /usr/local/lib64 /opt/kde3/lib64 /usr/lib64/graphviz /usr/lib64/graphviz/sharp /usr/lib64/graphviz/java /usr/lib64/graphviz/perl /usr/lib64/graphviz/php /usr/lib64/graphviz/ocaml /usr/lib64/graphviz/python /usr/lib64/graphviz/lua /usr/lib64/graphviz/tcl /usr/lib64/graphviz/guile /usr/lib64/graphviz/ruby '
lt_cv_sys_lib_search_path_spec='/usr/lib64/gcc/x86_64-suse-linux/4.3 /usr/lib64 /lib64 /usr/x86_64-suse-linux/lib'
lt_cv_sys_max_cmd_len=1572864
lt_lt_cv_prog_compiler_c_o='"yes"'
lt_lt_cv_prog_compiler_c_o_CXX='"yes"'
lt_lt_cv_prog_compiler_c_o_F77='"yes"'
lt_lt_cv_sys_global_symbol_pipe='"sed -n -e '\''s/^.*[ 	]\\([ABCDGIRSTW][ABCDGIRSTW]*\\)[ 	][ 	]*\\([_A-Za-z][_A-Za-z0-9]*\\)\$/\\1 \\2 \\2/p'\''"'
lt_lt_cv_sys_global_symbol_to_c_name_address='"sed -n -e '\''s/^: \\([^ ]*\\) \$/  {\\\"\\1\\\", (lt_ptr) 0},/p'\'' -e '\''s/^[BCDEGRST] \\([^ ]*\\) \\([^ ]*\\)\$/  {\"\\2\", (lt_ptr) \\&\\2},/p'\''"'
lt_lt_cv_sys_global_symbol_to_cdecl='"sed -n -e '\''s/^. .* \\(.*\\)\$/extern int \\1;/p'\''"'
rn_cv_CFLAGS=' -O6 -Wall'

## ----------------- ##
## Output variables. ##
## ----------------- ##

ACLOCAL='${SHELL} /home/bauerd/work/pdes/trunk/models/rossnet/build/missing --run aclocal-1.10'
AMDEPBACKSLASH='\'
AMDEP_FALSE='#'
AMDEP_TRUE=''
AMTAR='${SHELL} /home/bauerd/work/pdes/trunk/models/rossnet/build/missing --run tar'
AR='ar'
AUTOCONF='${SHELL} /home/bauerd/work/pdes/trunk/models/rossnet/build/missing --run autoconf'
AUTOHEADER='${SHELL} /home/bauerd/work/pdes/trunk/models/rossnet/build/missing --run autoheader'
AUTOMAKE='${SHELL} /home/bauerd/work/pdes/trunk/models/rossnet/build/missing --run automake-1.10'
AWK='gawk'
CC='/usr/local/mpich2-1.1.0a1/bin/mpicc'
CCDEPMODE='depmode=gcc3'
CFLAGS='-g -O2'
COMPAT_OBJECTS=''
CPP='gcc -E'
CPPFLAGS=' -DROSS_MAPPING_linear -DROSS_QUEUE_splay -DROSS_RAND_clcg4 -DROSS_NETWORK_mpi -DROSS_CLOCK_none -DROSS_THREAD_none -DROSS_GVT_mpi_allreduce -DROSS_NET_ -DROSS_RAND_clcg4 -DROSS_MEMORY -DARCH_  -I/home/bauerd/work/pdes/trunk/ross'
CXX='g++'
CXXCPP='g++ -E'
CXXDEPMODE='depmode=gcc3'
CXXFLAGS='-g -O2'
CYGPATH_W='echo'
DEFS='-DHAVE_CONFIG_H'
DEPDIR='.deps'
DSYMUTIL=''
ECHO='echo'
ECHO_C=''
ECHO_N='-n'
ECHO_T=''
EGREP='/usr/bin/grep -E'
EXEEXT=''
F77='g77'
FFLAGS='-g -O2'
GREP='/usr/bin/grep'
INSTALL_DATA='${INSTALL} -m 644'
INSTALL_PROGRAM='${INSTALL}'
INSTALL_SCRIPT='${INSTALL}'
INSTALL_STRIP_PROGRAM='$(install_sh) -c -s'
LDFLAGS=' -L/home/bauerd/work/pdes/trunk/ross -lROSS -lm'
LIBOBJS=''
LIBS='-lxml2 -lz -lm -lpthread  -lROSS'
LIBTOOL='$(SHELL) $(top_builddir)/libtool'
LN_S='ln -s'
LTLIBOBJS=''
MAKEINFO='${SHELL} /home/bauerd/work/pdes/trunk/models/rossnet/build/missing --run makeinfo'
NMEDIT=''
OBJEXT='o'
PACKAGE='rossnet'
PACKAGE_BUGREPORT='BUG-REPORT-ADDRESS'
PACKAGE_NAME='rossnet'
PACKAGE_STRING='rossnet 1.0'
PACKAGE_TARNAME='rossnet'
PACKAGE_VERSION='1.0'
PATH_SEPARATOR=':'
RANLIB='ranlib'
RN_AC=''
SED='/usr/bin/sed'
SET_MAKE=''
SHELL='/bin/sh'
STRIP='strip'
VERSION='1.0'
ac_ct_CC='gcc'
ac_ct_CXX='g++'
ac_ct_F77='g77'
am__fastdepCC_FALSE='#'
am__fastdepCC_TRUE=''
am__fastdepCXX_FALSE='#'
am__fastdepCXX_TRUE=''
am__include='include'
am__isrc=''
am__leading_dot='.'
am__quote=''
am__tar='${AMTAR} chof - "$$tardir"'
am__untar='${AMTAR} xf -'
bindir='${exec_prefix}/bin'
build='x86_64-unknown-linux-gnu'
build_alias=''
build_cpu='x86_64'
build_os='linux-gnu'
build_vendor='unknown'
datadir='${datarootdir}'
datarootdir='${prefix}/share'
docdir='${datarootdir}/doc/${PACKAGE_TARNAME}'
dvidir='${docdir}'
exec_prefix='${prefix}'
host='x86_64-unknown-linux-gnu'
host_alias=''
host_cpu='x86_64'
host_os='linux-gnu'
host_vendor='unknown'
htmldir='${docdir}'
includedir='${prefix}/include'
infodir='${datarootdir}/info'
install_sh='$(SHELL) /home/bauerd/work/pdes/trunk/models/rossnet/build/install-sh'
libdir='${exec_prefix}/lib'
libexecdir='${exec_prefix}/libexec'
localedir='${datarootdir}/locale'
localstatedir='${prefix}/var'
mandir='${datarootdir}/man'
mkdir_p='/bin/mkdir -p'
oldincludedir='/usr/include'
pdfdir='${docdir}'
prefix='/usr/local'
program_transform_name='s,x,x,'
psdir='${docdir}'
sbindir='${exec_prefix}/sbin'
sharedstatedir='${prefix}/com'
sysconfdir='${prefix}/etc'
target_alias=''

## ----------- ##
## confdefs.h. ##
## ----------- ##

#define PACKAGE_NAME "rossnet"
#define PACKAGE_TARNAME "rossnet"
#define PACKAGE_VERSION "1.0"
#define PACKAGE_STRING "rossnet 1.0"
#define PACKAGE_BUGREPORT "BUG-REPORT-ADDRESS"
#define STDC_HEADERS 1
#define HAVE_SYS_TYPES_H 1
#define HAVE_SYS_STAT_H 1
#define HAVE_STDLIB_H 1
#define HAVE_STRING_H 1
#define HAVE_MEMORY_H 1
#define HAVE_STRINGS_H 1
#define HAVE_INTTYPES_H 1
#define HAVE_STDINT_H 1
#define HAVE_UNISTD_H 1
#define HAVE_DLFCN_H 1
#define HAVE_LIBPTHREAD 1
#define HAVE_LIBM 1
#define HAVE_LIBZ 1
#define HAVE_LIBXML2 1
#define HAVE_FCNTL_H 1
#define HAVE_UNISTD_H 1
#define HAVE_ERRNO_H 1
#define HAVE_LIMITS_H 1
#define HAVE_SIGNAL_H 1
#define HAVE_STDARG_H 1
#define HAVE_STDIO_H 1
#define HAVE_SYS_TIME_H 1
#define HAVE_SYS_TYPES_H 1
#define HAVE_MATH_H 1
#define HAVE_PTHREAD_H 1
#define HAVE_LIBXML_XPOINTER_H 1
#define HAVE__BOOL 1
#define HAVE_STDBOOL_H 1
#define STDC_HEADERS 1
#define HAVE_STDLIB_H 1
#define HAVE_MALLOC 1
#define HAVE_VPRINTF 1
#define RETSIGTYPE void
#define HAVE_BZERO 1
#define HAVE_FLOOR 1
#define HAVE_POW 1
#define HAVE_MEMCPY 1
#define HAVE_SIGACTION 1
#define HAVE_GETTIMEOFDAY 1
#define HAVE_IP_LAYER_H 1
#define HAVE_TCP_H 1
#define HAVE_IP_H 1
#define ROSS_NPE 1
#define ROSS_NKP 1
#define RN_MAP_LINEAR 1

configure: exit 0
