ROSS Network Mode: conservative
Opening config file: tools/tcp/tcp.xml 
Opening link file: tools/tcp/links.xml 
Opening routing table file: tools/tcp/tcp.rt 

ASes:                                      1 
Areas:                                     1 
Subnets:                                   1 
Machines:                                  4 
Links:                                     6 
Total topology size:                     848 bytes

Initializing Model: TCP Tahoe
	TCP Membufs                                            1000000 (0)

Initializing Model: IPv4

ROSS Configuration: 
	Total Nodes                                                  1
	Total Processors                                             1
	Total KPs                                                    1
	Total LPs                                                    4
	Simulation End Time                                     100.00
	LP-to-PE Mapping                                        linear

ROSS Event Memory Allocation:
	Model events                                               160
	Network events                                           50000
	Total events                                             50160

Initializing RN lp 0 
Link status changes: 0 
*** START SEQUENTIAL SIMULATION ***

 2920 + 1460 <= 1460 + min(2.000000, 32) * 1460
 4380 + 1460 <= 1460 + min(2.000000, 32) * 1460
 5840 + 1460 <= 2920 + min(3.000000, 32) * 1460
 7300 + 1460 <= 2920 + min(3.000000, 32) * 1460
 8760 + 1460 <= 4380 + min(4.000000, 32) * 1460
 10220 + 1460 <= 4380 + min(4.000000, 32) * 1460
 11680 + 1460 <= 5840 + min(5.000000, 32) * 1460
 13140 + 1460 <= 5840 + min(5.000000, 32) * 1460
 14600 + 1460 <= 7300 + min(6.000000, 32) * 1460
 16060 + 1460 <= 7300 + min(6.000000, 32) * 1460
 17520 + 1460 <= 8760 + min(7.000000, 32) * 1460
 18980 + 1460 <= 8760 + min(7.000000, 32) * 1460
 20440 + 1460 <= 10220 + min(8.000000, 32) * 1460
 21900 + 1460 <= 10220 + min(8.000000, 32) * 1460
 23360 + 1460 <= 11680 + min(9.000000, 32) * 1460
 24820 + 1460 <= 11680 + min(9.000000, 32) * 1460
 26280 + 1460 <= 13140 + min(10.000000, 32) * 1460
 27740 + 1460 <= 13140 + min(10.000000, 32) * 1460
 29200 + 1460 <= 14600 + min(11.000000, 32) * 1460
 30660 + 1460 <= 14600 + min(11.000000, 32) * 1460
 32120 + 1460 <= 16060 + min(12.000000, 32) * 1460
 33580 + 1460 <= 16060 + min(12.000000, 32) * 1460
 35040 + 1460 <= 17520 + min(13.000000, 32) * 1460
 36500 + 1460 <= 17520 + min(13.000000, 32) * 1460
 37960 + 1460 <= 18980 + min(14.000000, 32) * 1460
 39420 + 1460 <= 18980 + min(14.000000, 32) * 1460
 40880 + 1460 <= 20440 + min(15.000000, 32) * 1460
 42340 + 1460 <= 20440 + min(15.000000, 32) * 1460
*** END SIMULATION ***

Finalizing RN lp 0 

	: Running Time = 0.000 seconds

TW Library Statistics:
	Total Events Processed                                     174
	Events Aborted (part of RBs)                                 0
	Events Rolled Back                                           0
	Efficiency                                              100.00 %
	Total Remote (shared mem) Events Processed                   0
	Percent Remote Events                                     0.00 %
	Total Remote (network) Events Processed                      0
	Percent Remote Events                                     0.00 %

	Total Roll Backs                                             0
	Primary Roll Backs                                           0
	Secondary Roll Backs                                         0
	Fossil Collect Attempts                                      0
	Total GVT Computations                                       0

	Net Events Processed                                       174
	Event Rate (events/sec)                            1011627.9070 %

TW Memory Statistics:
	Events Allocated                                         50160
	Memory Allocated                                        339872
	Memory Wasted                                              601

TW Data Structure sizes in bytes (sizeof):
	PE struct                                                  456
	KP struct                                                  104
	LP struct                                                  112
	LP RNGs                                                    104
	LP Model struct                                             48
	Total LP                                                   264
	Event struct                                               104
	Event struct with Model                                    152

TW GVT Statistics: MPI AllReduce
	GVT Interval                                                16
	Batch Size                                                  16

	Forced GVT                                                   0
	Total GVT Computations                                       0
	Total Reduction Attempts                                     0
	Average Reduction Attempts / GVT                           nan


TCP Model Statistics: 

	Sent Packets                                                29
	Recv Packets                                                29
	Sent ACKs                                                   29
	Recv ACKs                                                   29
	Invalid ACKs                                                 0
	TimeOut Packets                                              0
	Drop Packets                                                 0

IP Model Statistics:

	Total Packets Completed                                     58 
	Total Packets Dropped                                        0 
	Packets Dropped at Source                                    0 
	Packets Dropped (TTL)                                        0 
	Packets Dropped by Network Failure                           0 
	Packets Forwarded                                          174 

	Packet Avg TTL                                               2 
	Packet Max TTL                                               2 

ROSS.Net Library Statistics: 

	Event Size                                                  48
	Total Events Processed                                     290
	Events Rolled Back                                           0

	Network Events Processed                                   290 *
	Event Rate                                          1686046.51 (events/sec)
