This is pdfTeX, Version 3.141592-1.40.3 (Web2C 7.5.6) (format=latex 2009.10.19)  21 JAN 2010 15:30
entering extended mode
**ross-rossnet-ug.tex
(./ross-rossnet-ug.tex
LaTeX2e <2005/12/01>
Babel <v3.8h> and hyphenation patterns for english, usenglishmax, dumylang, noh
yphenation, basque, bulgarian, coptic, welsh, czech, slovak, german, ngerman, d
anish, esperanto, spanish, catalan, galician, estonian, finnish, french, greek,
 monogreek, ancientgreek, croatian, hungarian, interlingua, ibycus, indonesian,
 icelandic, italian, latin, mongolian, dutch, norsk, polish, portuguese, romani
an, russian, slovenian, uppersorbian, serbian, swedish, turkish, ukenglish, ukr
ainian, loaded.
(/usr/share/texmf/tex/latex/base/article.cls
Document Class: article 2005/09/16 v1.4f Standard LaTeX document class
(/usr/share/texmf/tex/latex/base/size12.clo
File: size12.clo 2005/09/16 v1.4f Standard LaTeX file (size option)
)
\c@part=\count79
\c@section=\count80
\c@subsection=\count81
\c@subsubsection=\count82
\c@paragraph=\count83
\c@subparagraph=\count84
\c@figure=\count85
\c@table=\count86
\abovecaptionskip=\skip41
\belowcaptionskip=\skip42
\bibindent=\dimen102
)
(/usr/share/texmf/tex/latex/graphics/epsfig.sty
Package: epsfig 1999/02/16 v1.7a (e)psfig emulation (SPQR)

(/usr/share/texmf/tex/latex/graphics/graphicx.sty
Package: graphicx 1999/02/16 v1.0f Enhanced LaTeX Graphics (DPC,SPQR)

(/usr/share/texmf/tex/latex/graphics/keyval.sty
Package: keyval 1999/03/16 v1.13 key=value parser (DPC)
\KV@toks@=\toks14
)
(/usr/share/texmf/tex/latex/graphics/graphics.sty
Package: graphics 2006/02/20 v1.0o Standard LaTeX Graphics (DPC,SPQR)

(/usr/share/texmf/tex/latex/graphics/trig.sty
Package: trig 1999/03/16 v1.09 sin cos tan (DPC)
)
(/usr/lib/texmf/tex/latex/config/graphics.cfg
File: graphics.cfg 2007/01/18 v1.5 graphics configuration of teTeX/TeXLive
)
Package graphics Info: Driver file: dvips.def on input line 90.

(/usr/share/texmf/tex/latex/graphics/dvips.def
File: dvips.def 1999/02/16 v3.0i Driver-dependant file (DPC,SPQR)
))
\Gin@req@height=\dimen103
\Gin@req@width=\dimen104
)
\epsfxsize=\dimen105
\epsfysize=\dimen106
)
(/usr/share/texmf/tex/latex/ltxmisc/url.sty
\Urlmuskip=\muskip10
Package: url 2005/06/27  ver 3.2  Verb mode for urls, etc.
) (./ross-rossnet-ug.aux)
\openout1 = `ross-rossnet-ug.aux'.

LaTeX Font Info:    Checking defaults for OML/cmm/m/it on input line 29.
LaTeX Font Info:    ... okay on input line 29.
LaTeX Font Info:    Checking defaults for T1/cmr/m/n on input line 29.
LaTeX Font Info:    ... okay on input line 29.
LaTeX Font Info:    Checking defaults for OT1/cmr/m/n on input line 29.
LaTeX Font Info:    ... okay on input line 29.
LaTeX Font Info:    Checking defaults for OMS/cmsy/m/n on input line 29.
LaTeX Font Info:    ... okay on input line 29.
LaTeX Font Info:    Checking defaults for OMX/cmex/m/n on input line 29.
LaTeX Font Info:    ... okay on input line 29.
LaTeX Font Info:    Checking defaults for U/cmr/m/n on input line 29.
LaTeX Font Info:    ... okay on input line 29.
LaTeX Font Info:    External font `cmex10' loaded for size
(Font)              <14.4> on input line 50.
LaTeX Font Info:    External font `cmex10' loaded for size
(Font)              <7> on input line 50.
 [1

]
(./ross-rossnet-ug.toc
LaTeX Font Info:    External font `cmex10' loaded for size
(Font)              <12> on input line 2.
LaTeX Font Info:    External font `cmex10' loaded for size
(Font)              <8> on input line 2.
LaTeX Font Info:    External font `cmex10' loaded for size
(Font)              <6> on input line 2.
 [2])
\tf@toc=\write3
\openout3 = `ross-rossnet-ug.toc'.

 [3] [4]
Overfull \hbox (142.48532pt too wide) in paragraph at lines 138--138
[]\OT1/cmtt/m/n/12 mpirun -np 4 ./rn --scenario=tcp2 --synch=3 --clock-rate=266
7000000 --nkp=512 --batch=2 --gvt-interval=64[] 
 []

[5] [6] [7] [8] [9] [10] [11] [12] [13] [14] [15]
Overfull \hbox (0.46025pt too wide) in paragraph at lines 782--782
[]         \OT1/cmtt/m/n/12 * event on the LP and cleaning up the LP for stats 
computation/collecting[] 
 []

[16] [17] [18] [19]
Overfull \hbox (18.98526pt too wide) in paragraph at lines 983--983
[]\OT1/cmtt/m/n/12 void Cell_EventHandler(struct State *SV, tw_bf * CV, struct 
Msg_Data *M, tw_lp * lp);[] 
 []


Overfull \hbox (31.33527pt too wide) in paragraph at lines 983--983
[]\OT1/cmtt/m/n/12 void Cell_CompletionCall(struct State *SV, tw_bf * CV, struc
t Msg_Data *M, tw_lp * lp);[] 
 []


Overfull \hbox (6.63525pt too wide) in paragraph at lines 983--983
[]\OT1/cmtt/m/n/12 void Cell_MoveCallIn(struct State *SV, tw_bf * CV, struct Ms
g_Data *M, tw_lp * lp);[] 
 []


Overfull \hbox (12.81026pt too wide) in paragraph at lines 983--983
[]\OT1/cmtt/m/n/12 void Cell_MoveCallOut(struct State *SV, tw_bf * CV, struct M
sg_Data *M, tw_lp * lp);[] 
 []


Overfull \hbox (37.51027pt too wide) in paragraph at lines 983--983
[]\OT1/cmtt/m/n/12 void RC_Cell_EventHandler(struct State *SV, tw_bf * CV, stru
ct Msg_Data *M, tw_lp * lp);[] 
 []


Overfull \hbox (12.81026pt too wide) in paragraph at lines 983--983
[]\OT1/cmtt/m/n/12 void RC_Cell_NextCall(struct State *SV, tw_bf * CV, struct M
sg_Data *M, tw_lp * lp);[] 
 []


Overfull \hbox (49.86028pt too wide) in paragraph at lines 983--983
[]\OT1/cmtt/m/n/12 void RC_Cell_CompletionCall(struct State *SV, tw_bf * CV, st
ruct Msg_Data *M, tw_lp * lp);[] 
 []


Overfull \hbox (25.16026pt too wide) in paragraph at lines 983--983
[]\OT1/cmtt/m/n/12 void RC_Cell_MoveCallIn(struct State *SV, tw_bf * CV, struct
 Msg_Data *M, tw_lp * lp);[] 
 []


Overfull \hbox (31.33527pt too wide) in paragraph at lines 983--983
[]\OT1/cmtt/m/n/12 void RC_Cell_MoveCallOut(struct State *SV, tw_bf * CV, struc
t Msg_Data *M, tw_lp * lp);[] 
 []

[20] [21]
Overfull \hbox (3.92346pt too wide) in paragraph at lines 1081--1085
[]\OT1/cmr/m/n/12 We now need this new events mes-sage data pointer so that we 
can fill it in. We call \OT1/cmtt/m/n/12 tw[]event[]data\OT1/cmr/m/n/12 ,
 []

[22] [23] [24]
Overfull \hbox (31.33527pt too wide) in paragraph at lines 1254--1254
[]               \OT1/cmtt/m/n/12 tw_error(TW_LOC, "APP_ERROR(2): CompletionCal
l: Bad ChannelType(%d) \n",[] 
 []


Overfull \hbox (31.33527pt too wide) in paragraph at lines 1286--1286
[]               \OT1/cmtt/m/n/12 tw_error(TW_LOC, "APP_ERROR(NextCall): Comple
tionCallTS(%lf) Is Min \n",[] 
 []

[25] [26]
Overfull \hbox (0.46025pt too wide) in paragraph at lines 1363--1363
[]\OT1/cmtt/m/n/12 RC_Cell_EventHandler(struct State *SV, tw_bf * CV, struct Ms
g_Data *M, tw_lp * lp)[] 
 []


Overfull \hbox (18.98526pt too wide) in paragraph at lines 1378--1378
[] \OT1/cmtt/m/n/12 RC_Cell_CompletionCall(struct State *SV, tw_bf * CV, struct
 Msg_Data *M, tw_lp * lp)[] 
 []

[27]
LaTeX Font Info:    Try loading font information for OMS+cmr on input line 1446
.
 (/usr/share/texmf/tex/latex/base/omscmr.fd
File: omscmr.fd 1999/05/25 v2.5h Standard LaTeX font definitions
)
LaTeX Font Info:    Font shape `OMS/cmr/m/n' in size <12> not available
(Font)              Font shape `OMS/cmsy/m/n' tried instead on input line 1446.

 [28] [29]
Overfull \hbox (26.07846pt too wide) in paragraph at lines 1521--1525
[]\OT1/cmr/bx/n/12 extern void tw[]event[]send(tw[]event * event)\OT1/cmr/m/n/1
2 : given an pointer to an event from \OT1/cmtt/m/n/12 tw[]new[]event
 []

[30] [31] [32] [33]
File: rn_combines.ps Graphic file (type eps)
 <rn_combines.ps> [34]
File: rn_architecture.ps Graphic file (type eps)
 <rn_architecture.ps> [35]
Overfull \hbox (28.73796pt too wide) in paragraph at lines 1907--1907
[]                    \OT1/cmtt/m/n/10.95 <link src='0' addr='3' bandwidth='155
000000' delay='0.0015' status='up'/>[] 
 []


Overfull \hbox (22.98927pt too wide) in paragraph at lines 1907--1907
[]                    \OT1/cmtt/m/n/10.95 <link src='0' addr='6' bandwidth='450
00000' delay='0.0015' status='up'/>[] 
 []

[36]
Overfull \hbox (5.74321pt too wide) in paragraph at lines 2008--2008
[]     \OT1/cmtt/m/n/10.95 g_tcp_fd = tw_kp_memory_init(tw_getkp(i), 10000 / g_
tw_nkp, sizeof(tcp_message), 1);[] 
 []

[37] [38] [39] [40] [41] [42] [43] [44] [45] [46] [47] [48] [49] [50] [51]
[52] [53]
Overfull \hbox (160.95778pt too wide) in paragraph at lines 2964--2964
[]\OT1/cmtt/m/n/10.95 tcp_event_send(tcp_state * state, tw_lpid src, tw_stime t
s, tw_lpid dst, int size, int seq_num, int ack, tw_lp * lp)[] 
 []

[54] [55] [56] (./ross-rossnet-ug.aux) ) 
Here is how much of TeX's memory you used:
 706 strings out of 94087
 8479 string characters out of 1167722
 59847 words of memory out of 3500000
 4025 multiletter control sequences out of 10000+50000
 10475 words of font info for 38 fonts, out of 1200000 for 2000
 645 hyphenation exceptions out of 8191
 32i,6n,21p,443b,289s stack positions out of 5000i,500n,6000p,200000b,5000s

Output written on ross-rossnet-ug.dvi (56 pages, 165876 bytes).
