0 100 0 0 0 0
1 197.89 2.11 0 0 0
2 197.89 1.6 0.51 0 0
3 197.89 1.03 1.08 0 0
4 197.89 0.52 1.52 0.05 0.02
5 197.89 0 1.75 0.2 0.16
6 197.89 0 1.29 0.41 0.41
7 197.89 0 0.74 0.72 0.65
8 197.89 0 0.35 0.88 0.88
9 197.89 0 0.09 1.01 1.01
10 197.89 0 0.02 1.06 1.03
11 197.89 0 0.02 1.06 1.03
12 197.89 0 0.02 1.06 1.03
13 197.89 0 0.02 1.06 1.03
14 197.89 0 0.02 1.06 1.03
15 197.89 0 0.02 1.06 1.03
16 197.89 0 0.02 1.06 1.03
17 197.89 0 0.02 1.06 1.03
18 197.89 0 0.02 1.06 1.03
19 197.89 0 0.02 1.06 1.03
20 197.89 0 0.02 1.06 1.03
21 197.89 0 0.02 1.06 1.03
22 197.89 0 0.02 1.06 1.03
23 197.89 0 0.02 1.06 1.03
24 197.89 0 0.02 1.06 1.03
25 197.89 0 0.02 1.06 1.03
26 197.89 0 0.02 1.06 1.03
27 197.89 0 0.02 1.06 1.03
28 197.89 0 0.02 1.06 1.03
29 197.89 0 0.02 1.06 1.03
30 197.89 0 0.02 1.06 1.03
31 197.89 0 0.02 1.06 1.03
32 197.89 0 0.02 1.06 1.03
33 197.89 0 0.02 1.06 1.03
34 197.89 0 0.02 1.06 1.03
35 197.89 0 0.02 1.06 1.03
36 197.89 0 0.02 1.06 1.03
37 197.89 0 0.02 1.06 1.03
38 197.89 0 0.02 1.06 1.03
39 197.89 0 0.02 1.06 1.03
40 197.89 0 0.02 1.06 1.03
41 197.89 0 0.02 1.06 1.03
42 197.89 0 0.02 1.06 1.03
43 197.89 0 0.02 1.06 1.03
44 197.89 0 0.02 1.06 1.03
45 197.89 0 0.02 1.06 1.03
46 197.89 0 0.02 1.06 1.03
47 197.89 0 0.02 1.06 1.03
48 197.89 0 0.02 1.06 1.03
49 197.89 0 0.02 1.06 1.03
50 197.89 0 0.02 1.06 1.03
51 197.89 0 0.02 1.06 1.03
52 197.89 0 0.02 1.06 1.03
53 197.89 0 0.02 1.06 1.03
54 197.89 0 0.02 1.06 1.03
55 197.89 0 0.02 1.06 1.03
56 197.89 0 0.02 1.06 1.03
57 197.89 0 0.02 1.06 1.03
58 197.89 0 0.02 1.06 1.03
59 197.89 0 0.02 1.06 1.03
60 197.89 0 0.02 1.06 1.03
61 197.89 0 0.02 1.06 1.03
62 197.89 0 0.02 1.06 1.03
63 197.89 0 0.02 1.06 1.03
64 197.89 0 0.02 1.06 1.03
65 197.89 0 0.02 1.06 1.03
66 197.89 0 0.02 1.06 1.03
67 197.89 0 0.02 1.06 1.03
68 197.89 0 0.02 1.06 1.03
69 197.89 0 0.02 1.06 1.03
70 197.89 0 0.02 1.06 1.03
71 197.89 0 0.02 1.06 1.03
72 197.89 0 0.02 1.06 1.03
73 197.89 0 0.02 1.06 1.03
74 197.89 0 0.02 1.06 1.03
75 197.89 0 0.02 1.06 1.03
76 197.89 0 0.02 1.06 1.03
77 197.89 0 0.02 1.06 1.03
78 197.89 0 0.02 1.06 1.03
79 197.89 0 0.02 1.06 1.03
80 197.89 0 0.02 1.06 1.03
81 197.89 0 0.02 1.06 1.03
82 197.89 0 0.02 1.06 1.03
83 197.89 0 0.02 1.06 1.03
84 197.89 0 0.02 1.06 1.03
85 197.89 0 0.02 1.06 1.03
86 197.89 0 0.02 1.06 1.03
87 197.89 0 0.02 1.06 1.03
88 197.89 0 0.02 1.06 1.03
89 197.89 0 0.02 1.06 1.03
90 197.89 0 0.02 1.06 1.03
91 197.89 0 0.02 1.06 1.03
92 197.89 0 0.02 1.06 1.03
93 197.89 0 0.02 1.06 1.03
94 197.89 0 0.02 1.06 1.03
95 197.89 0 0.02 1.06 1.03
96 197.89 0 0.02 1.06 1.03
97 197.89 0 0.02 1.06 1.03
98 197.89 0 0.02 1.06 1.03
99 197.89 0 0.02 1.06 1.03
100 197.89 0 0.02 1.06 1.03
101 197.89 0 0.02 1.06 1.03
102 197.89 0 0.02 1.06 1.03
103 197.89 0 0.02 1.06 1.03
104 197.89 0 0.02 1.06 1.03
105 197.89 0 0.02 1.06 1.03
106 197.89 0 0.02 1.06 1.03
107 197.89 0 0.02 1.06 1.03
108 197.89 0 0.02 1.06 1.03
109 197.89 0 0.02 1.06 1.03
110 197.89 0 0.02 1.06 1.03
111 197.89 0 0.02 1.06 1.03
112 197.89 0 0.02 1.06 1.03
113 197.89 0 0.02 1.06 1.03
114 197.89 0 0.02 1.06 1.03
115 197.89 0 0.02 1.06 1.03
116 197.89 0 0.02 1.06 1.03
117 197.89 0 0.02 1.06 1.03
118 197.89 0 0.02 1.06 1.03
119 197.89 0 0.02 1.06 1.03
120 197.89 0 0.02 1.06 1.03
121 197.89 0 0.02 1.06 1.03
122 197.89 0 0.02 1.06 1.03
123 197.89 0 0.02 1.06 1.03
124 197.89 0 0.02 1.06 1.03
125 197.89 0 0.02 1.06 1.03
126 197.89 0 0.02 1.06 1.03
127 197.89 0 0.02 1.06 1.03
128 197.89 0 0.02 1.06 1.03
129 197.89 0 0.02 1.06 1.03
130 197.89 0 0.02 1.06 1.03
131 197.89 0 0.02 1.06 1.03
132 197.89 0 0.02 1.06 1.03
133 197.89 0 0.02 1.06 1.03
134 197.89 0 0.02 1.06 1.03
135 197.89 0 0.02 1.06 1.03
136 197.89 0 0.02 1.06 1.03
137 197.89 0 0.02 1.06 1.03
138 197.89 0 0.02 1.06 1.03
139 197.89 0 0.02 1.06 1.03
140 197.89 0 0.02 1.06 1.03
141 197.89 0 0.02 1.06 1.03
142 197.89 0 0.02 1.06 1.03
143 197.89 0 0.02 1.06 1.03
144 197.89 0 0.02 1.06 1.03
145 197.89 0 0.02 1.06 1.03
146 197.89 0 0.02 1.06 1.03
147 197.89 0 0.02 1.06 1.03
148 197.89 0 0.02 1.06 1.03
149 197.89 0 0.02 1.06 1.03
150 197.89 0 0.02 1.06 1.03
151 197.89 0 0.02 1.06 1.03
152 197.89 0 0.02 1.06 1.03
153 197.89 0 0.02 1.06 1.03
154 197.89 0 0.02 1.06 1.03
155 197.89 0 0.02 1.06 1.03
156 197.89 0 0.02 1.06 1.03
157 197.89 0 0.02 1.06 1.03
158 197.89 0 0.02 1.06 1.03
159 197.89 0 0.02 1.06 1.03
160 197.89 0 0.02 1.06 1.03
161 197.89 0 0.02 1.06 1.03
162 197.89 0 0.02 1.06 1.03
163 197.89 0 0.02 1.06 1.03
164 197.89 0 0.02 1.06 1.03
165 197.89 0 0.02 1.06 1.03
166 197.89 0 0.02 1.06 1.03
167 197.89 0 0.02 1.06 1.03
168 197.89 0 0.02 1.06 1.03
169 197.89 0 0.02 1.06 1.03
170 197.89 0 0.02 1.06 1.03
171 197.89 0 0.02 1.06 1.03
172 197.89 0 0.02 1.06 1.03
173 197.89 0 0.02 1.06 1.03
174 197.89 0 0.02 1.06 1.03
175 197.89 0 0.02 1.06 1.03
176 197.89 0 0.02 1.06 1.03
177 197.89 0 0.02 1.06 1.03
178 197.89 0 0.02 1.06 1.03
179 197.89 0 0.02 1.06 1.03
