3 3.15
4 1.75
5 2.96154
6 2.29688
7 1.875
8 1.7907
9 1.56383
10 1.16667
11 1.34615
12 2.11111
13 2.26154
14 2.17568
15 2.40361
16 1.75
17 1.95763
18 1.84459
19 1.84663
20 1.91579
21 1.8617
22 1.77126
23 1.53509
24 1.67128
25 1.65735
26 1.54496
27 1.49523
28 1.60706
29 1.41079
30 1.45538
31 1.38108
32 1.24029
33 1.36598
34 1.20891
35 1.11832
36 1.19318
37 1.07591
38 1.07891
39 1.15663
40 1.01467
41 1.09324
42 0.945312
43 0.948488
44 0.844184
45 0.840611
46 0.700766
47 0.655251
48 0.673554
49 0.744872
50 0.526934
51 0.599851
52 0.618971
53 0.768893
54 0.584428
55 0.506024
56 0.569042
57 0.50489
58 0.603774
59 0.509091
60 0.428808
61 0.449057
62 0.602
63 0.631707
64 0.50578
65 0.415625
66 0.379845
67 0.315574
68 0.433333
69 0.583333
70 0.487342
71 0.7
72 0.445455
73 0.343137
74 0.35
75 0.166667
76 0.416667
77 0.106061
78 0.14
79 0
80 0
81 0
82 0
83 1.5
84 0
85 0
86 0
87 0
88 0
89 0
90 0
91 0
