1 0 0 99 0 0 0 0 3611 3578 33 0 0 0 103
1 0 1 98 1 0 0 0 3611 3573 38 0 0 0 108
1 1 0 98 1 0 0 0 2204 2178 26 0 0 0 0
1 1 1 99 0 0 0 0 2204 2185 19 0 0 0 0
1 2 0 98 1 0 0 0 4185 4141 44 0 0 0 0
1 2 1 98 1 0 0 0 4185 4134 51 0 0 0 0
2 0 0 99 0 0 0 0 3611 3578 27 6 0 0 0
2 0 1 98 0 0 0 0 3611 3573 27 11 0 0 0
2 1 0 98 0 0 0 0 2204 2178 20 6 0 0 0
2 1 1 99 0 0 0 0 2204 2185 14 5 0 0 0
2 2 0 98 0 0 0 0 4185 4141 36 8 0 0 0
2 2 1 98 0 0 0 0 4185 4134 36 15 0 0 0
3 0 0 99 0 0 0 0 3611 3578 17 16 0 0 0
3 0 1 98 0 0 0 0 3611 3573 17 21 0 0 0
3 1 0 98 0 0 0 0 2204 2178 15 11 0 0 0
3 1 1 99 0 0 0 0 2204 2185 11 8 0 0 0
3 2 0 98 0 0 0 0 4185 4141 20 24 0 0 0
3 2 1 98 0 0 0 0 4185 4134 23 28 0 0 0
4 0 0 99 0 0 0 0 3611 3578 9 24 0 0 0
4 0 1 98 0 0 0 0 3611 3573 8 29 1 0 0
4 1 0 98 0 0 0 0 2204 2178 8 17 0 1 0
4 1 1 99 0 0 0 0 2204 2185 7 11 1 0 0
4 2 0 98 0 0 0 0 4185 4141 9 34 0 1 0
4 2 1 98 0 0 0 0 4185 4134 11 37 3 0 0
5 0 0 99 0 0 0 0 3611 3578 0 27 0 6 0
5 0 1 98 0 0 0 0 3611 3573 0 28 10 0 0
5 1 0 98 0 0 0 0 2204 2178 0 21 0 5 0
5 1 1 99 0 0 0 0 2204 2185 0 17 2 0 0
5 2 0 98 0 0 0 0 4185 4141 0 39 0 5 0
5 2 1 98 0 1 0 0 4185 4134 0 43 8 0 0
6 0 0 99 0 0 0 0 3611 3578 0 19 0 14 0
6 0 1 98 0 0 0 0 3611 3573 0 24 14 0 0
6 1 0 98 0 0 0 0 2204 2178 0 16 0 10 0
6 1 1 99 0 0 0 0 2204 2185 0 11 8 0 0
6 2 0 98 0 0 0 0 4185 4141 0 27 0 17 0
6 2 1 98 0 0 0 0 4185 4134 0 32 19 0 0
7 0 0 99 0 0 0 0 3611 3578 0 12 0 21 0
7 0 1 98 0 0 0 0 3611 3573 0 11 27 0 0
7 1 0 98 0 0 0 0 2204 2178 0 12 0 14 0
7 1 1 99 0 0 0 0 2204 2185 0 7 12 0 0
7 2 0 98 0 0 0 0 4185 4141 0 14 0 30 0
7 2 1 98 0 0 0 0 4185 4134 0 18 33 0 0
8 0 0 99 0 0 0 0 3611 3578 0 4 0 29 0
8 0 1 98 0 0 0 0 3611 3573 0 7 31 0 0
8 1 0 98 0 0 0 0 2204 2178 0 5 0 21 0
8 1 1 99 0 0 0 0 2204 2185 0 5 14 0 0
8 2 0 98 0 0 0 0 4185 4141 0 6 0 38 0
8 2 1 98 0 0 1 0 4185 4134 0 8 43 0 0
9 0 0 99 0 0 0 0 3611 3578 0 0 0 33 0
9 0 1 98 0 0 0 0 3611 3573 0 3 35 0 0
9 1 0 98 0 0 0 1 2204 2178 0 1 0 25 0
9 1 1 99 0 0 0 0 2204 2185 0 1 18 0 0
9 2 0 98 0 0 0 1 4185 4141 0 1 0 43 0
9 2 1 98 0 0 1 0 4185 4134 0 3 48 0 0
10 0 0 99 0 0 0 0 3611 3578 0 0 0 33 0
10 0 1 98 0 0 0 0 3611 3573 0 2 36 0 0
10 1 0 98 0 0 0 1 2204 2178 0 0 0 26 0
10 1 1 99 0 0 0 0 2204 2185 0 0 19 0 0
10 2 0 98 0 0 0 1 4185 4141 0 0 0 44 0
10 2 1 98 0 0 1 0 4185 4134 0 0 51 0 0
11 0 0 99 0 0 0 0 3611 3578 0 0 0 33 0
11 0 1 98 0 0 0 0 3611 3573 0 2 36 0 0
11 1 0 98 0 0 0 1 2204 2178 0 0 0 26 0
11 1 1 99 0 0 0 0 2204 2185 0 0 19 0 0
11 2 0 98 0 0 0 1 4185 4141 0 0 0 44 0
11 2 1 98 0 0 1 0 4185 4134 0 0 51 0 0
12 0 0 99 0 0 0 0 3611 3578 0 0 0 33 0
12 0 1 98 0 0 0 0 3611 3573 0 2 36 0 0
12 1 0 98 0 0 0 1 2204 2178 0 0 0 26 0
12 1 1 99 0 0 0 0 2204 2185 0 0 19 0 0
12 2 0 98 0 0 0 1 4185 4141 0 0 0 44 0
12 2 1 98 0 0 1 0 4185 4134 0 0 51 0 0
13 0 0 99 0 0 0 0 3611 3578 0 0 0 33 0
13 0 1 98 0 0 0 0 3611 3573 0 2 36 0 0
13 1 0 98 0 0 0 1 2204 2178 0 0 0 26 0
13 1 1 99 0 0 0 0 2204 2185 0 0 19 0 0
13 2 0 98 0 0 0 1 4185 4141 0 0 0 44 0
13 2 1 98 0 0 1 0 4185 4134 0 0 51 0 0
14 0 0 99 0 0 0 0 3611 3578 0 0 0 33 0
14 0 1 98 0 0 0 0 3611 3573 0 2 36 0 0
14 1 0 98 0 0 0 1 2204 2178 0 0 0 26 0
14 1 1 99 0 0 0 0 2204 2185 0 0 19 0 0
14 2 0 98 0 0 0 1 4185 4141 0 0 0 44 0
14 2 1 98 0 0 1 0 4185 4134 0 0 51 0 0
15 0 0 99 0 0 0 0 3611 3578 0 0 0 33 0
15 0 1 98 0 0 0 0 3611 3573 0 2 36 0 0
15 1 0 98 0 0 0 1 2204 2178 0 0 0 26 0
15 1 1 99 0 0 0 0 2204 2185 0 0 19 0 0
15 2 0 98 0 0 0 1 4185 4141 0 0 0 44 0
15 2 1 98 0 0 1 0 4185 4134 0 0 51 0 0
16 0 0 99 0 0 0 0 3611 3578 0 0 0 33 0
16 0 1 98 0 0 0 0 3611 3573 0 2 36 0 0
16 1 0 98 0 0 0 1 2204 2178 0 0 0 26 0
16 1 1 99 0 0 0 0 2204 2185 0 0 19 0 0
16 2 0 98 0 0 0 1 4185 4141 0 0 0 44 0
16 2 1 98 0 0 1 0 4185 4134 0 0 51 0 0
17 0 0 99 0 0 0 0 3611 3578 0 0 0 33 0
17 0 1 98 0 0 0 0 3611 3573 0 2 36 0 0
17 1 0 98 0 0 0 1 2204 2178 0 0 0 26 0
17 1 1 99 0 0 0 0 2204 2185 0 0 19 0 0
17 2 0 98 0 0 0 1 4185 4141 0 0 0 44 0
17 2 1 98 0 0 1 0 4185 4134 0 0 51 0 0
18 0 0 99 0 0 0 0 3611 3578 0 0 0 33 0
18 0 1 98 0 0 0 0 3611 3573 0 2 36 0 0
18 1 0 98 0 0 0 1 2204 2178 0 0 0 26 0
18 1 1 99 0 0 0 0 2204 2185 0 0 19 0 0
18 2 0 98 0 0 0 1 4185 4141 0 0 0 44 0
18 2 1 98 0 0 1 0 4185 4134 0 0 51 0 0
19 0 0 99 0 0 0 0 3611 3578 0 0 0 33 0
19 0 1 98 0 0 0 0 3611 3573 0 2 36 0 0
19 1 0 98 0 0 0 1 2204 2178 0 0 0 26 0
19 1 1 99 0 0 0 0 2204 2185 0 0 19 0 0
19 2 0 98 0 0 0 1 4185 4141 0 0 0 44 0
19 2 1 98 0 0 1 0 4185 4134 0 0 51 0 0
20 0 0 99 0 0 0 0 3611 3578 0 0 0 33 0
20 0 1 98 0 0 0 0 3611 3573 0 2 36 0 0
20 1 0 98 0 0 0 1 2204 2178 0 0 0 26 0
20 1 1 99 0 0 0 0 2204 2185 0 0 19 0 0
20 2 0 98 0 0 0 1 4185 4141 0 0 0 44 0
20 2 1 98 0 0 1 0 4185 4134 0 0 51 0 0
21 0 0 99 0 0 0 0 3611 3578 0 0 0 33 0
21 0 1 98 0 0 0 0 3611 3573 0 2 36 0 0
21 1 0 98 0 0 0 1 2204 2178 0 0 0 26 0
21 1 1 99 0 0 0 0 2204 2185 0 0 19 0 0
21 2 0 98 0 0 0 1 4185 4141 0 0 0 44 0
21 2 1 98 0 0 1 0 4185 4134 0 0 51 0 0
22 0 0 99 0 0 0 0 3611 3578 0 0 0 33 0
22 0 1 98 0 0 0 0 3611 3573 0 2 36 0 0
22 1 0 98 0 0 0 1 2204 2178 0 0 0 26 0
22 1 1 99 0 0 0 0 2204 2185 0 0 19 0 0
22 2 0 98 0 0 0 1 4185 4141 0 0 0 44 0
22 2 1 98 0 0 1 0 4185 4134 0 0 51 0 0
23 0 0 99 0 0 0 0 3611 3578 0 0 0 33 0
23 0 1 98 0 0 0 0 3611 3573 0 2 36 0 0
23 1 0 98 0 0 0 1 2204 2178 0 0 0 26 0
23 1 1 99 0 0 0 0 2204 2185 0 0 19 0 0
23 2 0 98 0 0 0 1 4185 4141 0 0 0 44 0
23 2 1 98 0 0 1 0 4185 4134 0 0 51 0 0
24 0 0 99 0 0 0 0 3611 3578 0 0 0 33 0
24 0 1 98 0 0 0 0 3611 3573 0 2 36 0 0
24 1 0 98 0 0 0 1 2204 2178 0 0 0 26 0
24 1 1 99 0 0 0 0 2204 2185 0 0 19 0 0
24 2 0 98 0 0 0 1 4185 4141 0 0 0 44 0
24 2 1 98 0 0 1 0 4185 4134 0 0 51 0 0
25 0 0 99 0 0 0 0 3611 3578 0 0 0 33 0
25 0 1 98 0 0 0 0 3611 3573 0 2 36 0 0
25 1 0 98 0 0 0 1 2204 2178 0 0 0 26 0
25 1 1 99 0 0 0 0 2204 2185 0 0 19 0 0
25 2 0 98 0 0 0 1 4185 4141 0 0 0 44 0
25 2 1 98 0 0 1 0 4185 4134 0 0 51 0 0
26 0 0 99 0 0 0 0 3611 3578 0 0 0 33 0
26 0 1 98 0 0 0 0 3611 3573 0 2 36 0 0
26 1 0 98 0 0 0 1 2204 2178 0 0 0 26 0
26 1 1 99 0 0 0 0 2204 2185 0 0 19 0 0
26 2 0 98 0 0 0 1 4185 4141 0 0 0 44 0
26 2 1 98 0 0 1 0 4185 4134 0 0 51 0 0
27 0 0 99 0 0 0 0 3611 3578 0 0 0 33 0
27 0 1 98 0 0 0 0 3611 3573 0 2 36 0 0
27 1 0 98 0 0 0 1 2204 2178 0 0 0 26 0
27 1 1 99 0 0 0 0 2204 2185 0 0 19 0 0
27 2 0 98 0 0 0 1 4185 4141 0 0 0 44 0
27 2 1 98 0 0 1 0 4185 4134 0 0 51 0 0
28 0 0 99 0 0 0 0 3611 3578 0 0 0 33 0
28 0 1 98 0 0 0 0 3611 3573 0 2 36 0 0
28 1 0 98 0 0 0 1 2204 2178 0 0 0 26 0
28 1 1 99 0 0 0 0 2204 2185 0 0 19 0 0
28 2 0 98 0 0 0 1 4185 4141 0 0 0 44 0
28 2 1 98 0 0 1 0 4185 4134 0 0 51 0 0
29 0 0 99 0 0 0 0 3611 3578 0 0 0 33 0
29 0 1 98 0 0 0 0 3611 3573 0 2 36 0 0
29 1 0 98 0 0 0 1 2204 2178 0 0 0 26 0
29 1 1 99 0 0 0 0 2204 2185 0 0 19 0 0
29 2 0 98 0 0 0 1 4185 4141 0 0 0 44 0
29 2 1 98 0 0 1 0 4185 4134 0 0 51 0 0
30 0 0 99 0 0 0 0 3611 3578 0 0 0 33 0
30 0 1 98 0 0 0 0 3611 3573 0 2 36 0 0
30 1 0 98 0 0 0 1 2204 2178 0 0 0 26 0
30 1 1 99 0 0 0 0 2204 2185 0 0 19 0 0
30 2 0 98 0 0 0 1 4185 4141 0 0 0 44 0
30 2 1 98 0 0 1 0 4185 4134 0 0 51 0 0
31 0 0 99 0 0 0 0 3611 3578 0 0 0 33 0
31 0 1 98 0 0 0 0 3611 3573 0 2 36 0 0
31 1 0 98 0 0 0 1 2204 2178 0 0 0 26 0
31 1 1 99 0 0 0 0 2204 2185 0 0 19 0 0
31 2 0 98 0 0 0 1 4185 4141 0 0 0 44 0
31 2 1 98 0 0 1 0 4185 4134 0 0 51 0 0
32 0 0 99 0 0 0 0 3611 3578 0 0 0 33 0
32 0 1 98 0 0 0 0 3611 3573 0 2 36 0 0
32 1 0 98 0 0 0 1 2204 2178 0 0 0 26 0
32 1 1 99 0 0 0 0 2204 2185 0 0 19 0 0
32 2 0 98 0 0 0 1 4185 4141 0 0 0 44 0
32 2 1 98 0 0 1 0 4185 4134 0 0 51 0 0
33 0 0 99 0 0 0 0 3611 3578 0 0 0 33 0
33 0 1 98 0 0 0 0 3611 3573 0 2 36 0 0
33 1 0 98 0 0 0 1 2204 2178 0 0 0 26 0
33 1 1 99 0 0 0 0 2204 2185 0 0 19 0 0
33 2 0 98 0 0 0 1 4185 4141 0 0 0 44 0
33 2 1 98 0 0 1 0 4185 4134 0 0 51 0 0
34 0 0 99 0 0 0 0 3611 3578 0 0 0 33 0
34 0 1 98 0 0 0 0 3611 3573 0 2 36 0 0
34 1 0 98 0 0 0 1 2204 2178 0 0 0 26 0
34 1 1 99 0 0 0 0 2204 2185 0 0 19 0 0
34 2 0 98 0 0 0 1 4185 4141 0 0 0 44 0
34 2 1 98 0 0 1 0 4185 4134 0 0 51 0 0
35 0 0 99 0 0 0 0 3611 3578 0 0 0 33 0
35 0 1 98 0 0 0 0 3611 3573 0 2 36 0 0
35 1 0 98 0 0 0 1 2204 2178 0 0 0 26 0
35 1 1 99 0 0 0 0 2204 2185 0 0 19 0 0
35 2 0 98 0 0 0 1 4185 4141 0 0 0 44 0
35 2 1 98 0 0 1 0 4185 4134 0 0 51 0 0
36 0 0 99 0 0 0 0 3611 3578 0 0 0 33 0
36 0 1 98 0 0 0 0 3611 3573 0 2 36 0 0
36 1 0 98 0 0 0 1 2204 2178 0 0 0 26 0
36 1 1 99 0 0 0 0 2204 2185 0 0 19 0 0
36 2 0 98 0 0 0 1 4185 4141 0 0 0 44 0
36 2 1 98 0 0 1 0 4185 4134 0 0 51 0 0
37 0 0 99 0 0 0 0 3611 3578 0 0 0 33 0
37 0 1 98 0 0 0 0 3611 3573 0 2 36 0 0
37 1 0 98 0 0 0 1 2204 2178 0 0 0 26 0
37 1 1 99 0 0 0 0 2204 2185 0 0 19 0 0
37 2 0 98 0 0 0 1 4185 4141 0 0 0 44 0
37 2 1 98 0 0 1 0 4185 4134 0 0 51 0 0
38 0 0 99 0 0 0 0 3611 3578 0 0 0 33 0
38 0 1 98 0 0 0 0 3611 3573 0 2 36 0 0
38 1 0 98 0 0 0 1 2204 2178 0 0 0 26 0
38 1 1 99 0 0 0 0 2204 2185 0 0 19 0 0
38 2 0 98 0 0 0 1 4185 4141 0 0 0 44 0
38 2 1 98 0 0 1 0 4185 4134 0 0 51 0 0
39 0 0 99 0 0 0 0 3611 3578 0 0 0 33 0
39 0 1 98 0 0 0 0 3611 3573 0 2 36 0 0
39 1 0 98 0 0 0 1 2204 2178 0 0 0 26 0
39 1 1 99 0 0 0 0 2204 2185 0 0 19 0 0
39 2 0 98 0 0 0 1 4185 4141 0 0 0 44 0
39 2 1 98 0 0 1 0 4185 4134 0 0 51 0 0
40 0 0 99 0 0 0 0 3611 3578 0 0 0 33 0
40 0 1 98 0 0 0 0 3611 3573 0 2 36 0 0
40 1 0 98 0 0 0 1 2204 2178 0 0 0 26 0
40 1 1 99 0 0 0 0 2204 2185 0 0 19 0 0
40 2 0 98 0 0 0 1 4185 4141 0 0 0 44 0
40 2 1 98 0 0 1 0 4185 4134 0 0 51 0 0
41 0 0 99 0 0 0 0 3611 3578 0 0 0 33 0
41 0 1 98 0 0 0 0 3611 3573 0 2 36 0 0
41 1 0 98 0 0 0 1 2204 2178 0 0 0 26 0
41 1 1 99 0 0 0 0 2204 2185 0 0 19 0 0
41 2 0 98 0 0 0 1 4185 4141 0 0 0 44 0
41 2 1 98 0 0 1 0 4185 4134 0 0 51 0 0
42 0 0 99 0 0 0 0 3611 3578 0 0 0 33 0
42 0 1 98 0 0 0 0 3611 3573 0 2 36 0 0
42 1 0 98 0 0 0 1 2204 2178 0 0 0 26 0
42 1 1 99 0 0 0 0 2204 2185 0 0 19 0 0
42 2 0 98 0 0 0 1 4185 4141 0 0 0 44 0
42 2 1 98 0 0 1 0 4185 4134 0 0 51 0 0
43 0 0 99 0 0 0 0 3611 3578 0 0 0 33 0
43 0 1 98 0 0 0 0 3611 3573 0 2 36 0 0
43 1 0 98 0 0 0 1 2204 2178 0 0 0 26 0
43 1 1 99 0 0 0 0 2204 2185 0 0 19 0 0
43 2 0 98 0 0 0 1 4185 4141 0 0 0 44 0
43 2 1 98 0 0 1 0 4185 4134 0 0 51 0 0
44 0 0 99 0 0 0 0 3611 3578 0 0 0 33 0
44 0 1 98 0 0 0 0 3611 3573 0 2 36 0 0
44 1 0 98 0 0 0 1 2204 2178 0 0 0 26 0
44 1 1 99 0 0 0 0 2204 2185 0 0 19 0 0
44 2 0 98 0 0 0 1 4185 4141 0 0 0 44 0
44 2 1 98 0 0 1 0 4185 4134 0 0 51 0 0
45 0 0 99 0 0 0 0 3611 3578 0 0 0 33 0
45 0 1 98 0 0 0 0 3611 3573 0 2 36 0 0
45 1 0 98 0 0 0 1 2204 2178 0 0 0 26 0
45 1 1 99 0 0 0 0 2204 2185 0 0 19 0 0
45 2 0 98 0 0 0 1 4185 4141 0 0 0 44 0
45 2 1 98 0 0 1 0 4185 4134 0 0 51 0 0
46 0 0 99 0 0 0 0 3611 3578 0 0 0 33 0
46 0 1 98 0 0 0 0 3611 3573 0 2 36 0 0
46 1 0 98 0 0 0 1 2204 2178 0 0 0 26 0
46 1 1 99 0 0 0 0 2204 2185 0 0 19 0 0
46 2 0 98 0 0 0 1 4185 4141 0 0 0 44 0
46 2 1 98 0 0 1 0 4185 4134 0 0 51 0 0
47 0 0 99 0 0 0 0 3611 3578 0 0 0 33 0
47 0 1 98 0 0 0 0 3611 3573 0 2 36 0 0
47 1 0 98 0 0 0 1 2204 2178 0 0 0 26 0
47 1 1 99 0 0 0 0 2204 2185 0 0 19 0 0
47 2 0 98 0 0 0 1 4185 4141 0 0 0 44 0
47 2 1 98 0 0 1 0 4185 4134 0 0 51 0 0
48 0 0 99 0 0 0 0 3611 3578 0 0 0 33 0
48 0 1 98 0 0 0 0 3611 3573 0 2 36 0 0
48 1 0 98 0 0 0 1 2204 2178 0 0 0 26 0
48 1 1 99 0 0 0 0 2204 2185 0 0 19 0 0
48 2 0 98 0 0 0 1 4185 4141 0 0 0 44 0
48 2 1 98 0 0 1 0 4185 4134 0 0 51 0 0
49 0 0 99 0 0 0 0 3611 3578 0 0 0 33 0
49 0 1 98 0 0 0 0 3611 3573 0 2 36 0 0
49 1 0 98 0 0 0 1 2204 2178 0 0 0 26 0
49 1 1 99 0 0 0 0 2204 2185 0 0 19 0 0
49 2 0 98 0 0 0 1 4185 4141 0 0 0 44 0
49 2 1 98 0 0 1 0 4185 4134 0 0 51 0 0
50 0 0 99 0 0 0 0 3611 3578 0 0 0 33 0
50 0 1 98 0 0 0 0 3611 3573 0 2 36 0 0
50 1 0 98 0 0 0 1 2204 2178 0 0 0 26 0
50 1 1 99 0 0 0 0 2204 2185 0 0 19 0 0
50 2 0 98 0 0 0 1 4185 4141 0 0 0 44 0
50 2 1 98 0 0 1 0 4185 4134 0 0 51 0 0
51 0 0 99 0 0 0 0 3611 3578 0 0 0 33 0
51 0 1 98 0 0 0 0 3611 3573 0 2 36 0 0
51 1 0 98 0 0 0 1 2204 2178 0 0 0 26 0
51 1 1 99 0 0 0 0 2204 2185 0 0 19 0 0
51 2 0 98 0 0 0 1 4185 4141 0 0 0 44 0
51 2 1 98 0 0 1 0 4185 4134 0 0 51 0 0
52 0 0 99 0 0 0 0 3611 3578 0 0 0 33 0
52 0 1 98 0 0 0 0 3611 3573 0 2 36 0 0
52 1 0 98 0 0 0 1 2204 2178 0 0 0 26 0
52 1 1 99 0 0 0 0 2204 2185 0 0 19 0 0
52 2 0 98 0 0 0 1 4185 4141 0 0 0 44 0
52 2 1 98 0 0 1 0 4185 4134 0 0 51 0 0
53 0 0 99 0 0 0 0 3611 3578 0 0 0 33 0
53 0 1 98 0 0 0 0 3611 3573 0 2 36 0 0
53 1 0 98 0 0 0 1 2204 2178 0 0 0 26 0
53 1 1 99 0 0 0 0 2204 2185 0 0 19 0 0
53 2 0 98 0 0 0 1 4185 4141 0 0 0 44 0
53 2 1 98 0 0 1 0 4185 4134 0 0 51 0 0
54 0 0 99 0 0 0 0 3611 3578 0 0 0 33 0
54 0 1 98 0 0 0 0 3611 3573 0 2 36 0 0
54 1 0 98 0 0 0 1 2204 2178 0 0 0 26 0
54 1 1 99 0 0 0 0 2204 2185 0 0 19 0 0
54 2 0 98 0 0 0 1 4185 4141 0 0 0 44 0
54 2 1 98 0 0 1 0 4185 4134 0 0 51 0 0
55 0 0 99 0 0 0 0 3611 3578 0 0 0 33 0
55 0 1 98 0 0 0 0 3611 3573 0 2 36 0 0
55 1 0 98 0 0 0 1 2204 2178 0 0 0 26 0
55 1 1 99 0 0 0 0 2204 2185 0 0 19 0 0
55 2 0 98 0 0 0 1 4185 4141 0 0 0 44 0
55 2 1 98 0 0 1 0 4185 4134 0 0 51 0 0
56 0 0 99 0 0 0 0 3611 3578 0 0 0 33 0
56 0 1 98 0 0 0 0 3611 3573 0 2 36 0 0
56 1 0 98 0 0 0 1 2204 2178 0 0 0 26 0
56 1 1 99 0 0 0 0 2204 2185 0 0 19 0 0
56 2 0 98 0 0 0 1 4185 4141 0 0 0 44 0
56 2 1 98 0 0 1 0 4185 4134 0 0 51 0 0
57 0 0 99 0 0 0 0 3611 3578 0 0 0 33 0
57 0 1 98 0 0 0 0 3611 3573 0 2 36 0 0
57 1 0 98 0 0 0 1 2204 2178 0 0 0 26 0
57 1 1 99 0 0 0 0 2204 2185 0 0 19 0 0
57 2 0 98 0 0 0 1 4185 4141 0 0 0 44 0
57 2 1 98 0 0 1 0 4185 4134 0 0 51 0 0
58 0 0 99 0 0 0 0 3611 3578 0 0 0 33 0
58 0 1 98 0 0 0 0 3611 3573 0 2 36 0 0
58 1 0 98 0 0 0 1 2204 2178 0 0 0 26 0
58 1 1 99 0 0 0 0 2204 2185 0 0 19 0 0
58 2 0 98 0 0 0 1 4185 4141 0 0 0 44 0
58 2 1 98 0 0 1 0 4185 4134 0 0 51 0 0
59 0 0 99 0 0 0 0 3611 3578 0 0 0 33 0
59 0 1 98 0 0 0 0 3611 3573 0 2 36 0 0
59 1 0 98 0 0 0 1 2204 2178 0 0 0 26 0
59 1 1 99 0 0 0 0 2204 2185 0 0 19 0 0
59 2 0 98 0 0 0 1 4185 4141 0 0 0 44 0
59 2 1 98 0 0 1 0 4185 4134 0 0 51 0 0
60 0 0 99 0 0 0 0 3611 3578 0 0 0 33 0
60 0 1 98 0 0 0 0 3611 3573 0 2 36 0 0
60 1 0 98 0 0 0 1 2204 2178 0 0 0 26 0
60 1 1 99 0 0 0 0 2204 2185 0 0 19 0 0
60 2 0 98 0 0 0 1 4185 4141 0 0 0 44 0
60 2 1 98 0 0 1 0 4185 4134 0 0 51 0 0
61 0 0 99 0 0 0 0 3611 3578 0 0 0 33 0
61 0 1 98 0 0 0 0 3611 3573 0 2 36 0 0
61 1 0 98 0 0 0 1 2204 2178 0 0 0 26 0
61 1 1 99 0 0 0 0 2204 2185 0 0 19 0 0
61 2 0 98 0 0 0 1 4185 4141 0 0 0 44 0
61 2 1 98 0 0 1 0 4185 4134 0 0 51 0 0
62 0 0 99 0 0 0 0 3611 3578 0 0 0 33 0
62 0 1 98 0 0 0 0 3611 3573 0 2 36 0 0
62 1 0 98 0 0 0 1 2204 2178 0 0 0 26 0
62 1 1 99 0 0 0 0 2204 2185 0 0 19 0 0
62 2 0 98 0 0 0 1 4185 4141 0 0 0 44 0
62 2 1 98 0 0 1 0 4185 4134 0 0 51 0 0
63 0 0 99 0 0 0 0 3611 3578 0 0 0 33 0
63 0 1 98 0 0 0 0 3611 3573 0 2 36 0 0
63 1 0 98 0 0 0 1 2204 2178 0 0 0 26 0
63 1 1 99 0 0 0 0 2204 2185 0 0 19 0 0
63 2 0 98 0 0 0 1 4185 4141 0 0 0 44 0
63 2 1 98 0 0 1 0 4185 4134 0 0 51 0 0
64 0 0 99 0 0 0 0 3611 3578 0 0 0 33 0
64 0 1 98 0 0 0 0 3611 3573 0 2 36 0 0
64 1 0 98 0 0 0 1 2204 2178 0 0 0 26 0
64 1 1 99 0 0 0 0 2204 2185 0 0 19 0 0
64 2 0 98 0 0 0 1 4185 4141 0 0 0 44 0
64 2 1 98 0 0 1 0 4185 4134 0 0 51 0 0
65 0 0 99 0 0 0 0 3611 3578 0 0 0 33 0
65 0 1 98 0 0 0 0 3611 3573 0 2 36 0 0
65 1 0 98 0 0 0 1 2204 2178 0 0 0 26 0
65 1 1 99 0 0 0 0 2204 2185 0 0 19 0 0
65 2 0 98 0 0 0 1 4185 4141 0 0 0 44 0
65 2 1 98 0 0 1 0 4185 4134 0 0 51 0 0
66 0 0 99 0 0 0 0 3611 3578 0 0 0 33 0
66 0 1 98 0 0 0 0 3611 3573 0 2 36 0 0
66 1 0 98 0 0 0 1 2204 2178 0 0 0 26 0
66 1 1 99 0 0 0 0 2204 2185 0 0 19 0 0
66 2 0 98 0 0 0 1 4185 4141 0 0 0 44 0
66 2 1 98 0 0 1 0 4185 4134 0 0 51 0 0
67 0 0 99 0 0 0 0 3611 3578 0 0 0 33 0
67 0 1 98 0 0 0 0 3611 3573 0 2 36 0 0
67 1 0 98 0 0 0 1 2204 2178 0 0 0 26 0
67 1 1 99 0 0 0 0 2204 2185 0 0 19 0 0
67 2 0 98 0 0 0 1 4185 4141 0 0 0 44 0
67 2 1 98 0 0 1 0 4185 4134 0 0 51 0 0
68 0 0 99 0 0 0 0 3611 3578 0 0 0 33 0
68 0 1 98 0 0 0 0 3611 3573 0 2 36 0 0
68 1 0 98 0 0 0 1 2204 2178 0 0 0 26 0
68 1 1 99 0 0 0 0 2204 2185 0 0 19 0 0
68 2 0 98 0 0 0 1 4185 4141 0 0 0 44 0
68 2 1 98 0 0 1 0 4185 4134 0 0 51 0 0
69 0 0 99 0 0 0 0 3611 3578 0 0 0 33 0
69 0 1 98 0 0 0 0 3611 3573 0 2 36 0 0
69 1 0 98 0 0 0 1 2204 2178 0 0 0 26 0
69 1 1 99 0 0 0 0 2204 2185 0 0 19 0 0
69 2 0 98 0 0 0 1 4185 4141 0 0 0 44 0
69 2 1 98 0 0 1 0 4185 4134 0 0 51 0 0
70 0 0 99 0 0 0 0 3611 3578 0 0 0 33 0
70 0 1 98 0 0 0 0 3611 3573 0 2 36 0 0
70 1 0 98 0 0 0 1 2204 2178 0 0 0 26 0
70 1 1 99 0 0 0 0 2204 2185 0 0 19 0 0
70 2 0 98 0 0 0 1 4185 4141 0 0 0 44 0
70 2 1 98 0 0 1 0 4185 4134 0 0 51 0 0
71 0 0 99 0 0 0 0 3611 3578 0 0 0 33 0
71 0 1 98 0 0 0 0 3611 3573 0 2 36 0 0
71 1 0 98 0 0 0 1 2204 2178 0 0 0 26 0
71 1 1 99 0 0 0 0 2204 2185 0 0 19 0 0
71 2 0 98 0 0 0 1 4185 4141 0 0 0 44 0
71 2 1 98 0 0 1 0 4185 4134 0 0 51 0 0
72 0 0 99 0 0 0 0 3611 3578 0 0 0 33 0
72 0 1 98 0 0 0 0 3611 3573 0 2 36 0 0
72 1 0 98 0 0 0 1 2204 2178 0 0 0 26 0
72 1 1 99 0 0 0 0 2204 2185 0 0 19 0 0
72 2 0 98 0 0 0 1 4185 4141 0 0 0 44 0
72 2 1 98 0 0 1 0 4185 4134 0 0 51 0 0
73 0 0 99 0 0 0 0 3611 3578 0 0 0 33 0
73 0 1 98 0 0 0 0 3611 3573 0 2 36 0 0
73 1 0 98 0 0 0 1 2204 2178 0 0 0 26 0
73 1 1 99 0 0 0 0 2204 2185 0 0 19 0 0
73 2 0 98 0 0 0 1 4185 4141 0 0 0 44 0
73 2 1 98 0 0 1 0 4185 4134 0 0 51 0 0
74 0 0 99 0 0 0 0 3611 3578 0 0 0 33 0
74 0 1 98 0 0 0 0 3611 3573 0 2 36 0 0
74 1 0 98 0 0 0 1 2204 2178 0 0 0 26 0
74 1 1 99 0 0 0 0 2204 2185 0 0 19 0 0
74 2 0 98 0 0 0 1 4185 4141 0 0 0 44 0
74 2 1 98 0 0 1 0 4185 4134 0 0 51 0 0
75 0 0 99 0 0 0 0 3611 3578 0 0 0 33 0
75 0 1 98 0 0 0 0 3611 3573 0 2 36 0 0
75 1 0 98 0 0 0 1 2204 2178 0 0 0 26 0
75 1 1 99 0 0 0 0 2204 2185 0 0 19 0 0
75 2 0 98 0 0 0 1 4185 4141 0 0 0 44 0
75 2 1 98 0 0 1 0 4185 4134 0 0 51 0 0
76 0 0 99 0 0 0 0 3611 3578 0 0 0 33 0
76 0 1 98 0 0 0 0 3611 3573 0 2 36 0 0
76 1 0 98 0 0 0 1 2204 2178 0 0 0 26 0
76 1 1 99 0 0 0 0 2204 2185 0 0 19 0 0
76 2 0 98 0 0 0 1 4185 4141 0 0 0 44 0
76 2 1 98 0 0 1 0 4185 4134 0 0 51 0 0
77 0 0 99 0 0 0 0 3611 3578 0 0 0 33 0
77 0 1 98 0 0 0 0 3611 3573 0 2 36 0 0
77 1 0 98 0 0 0 1 2204 2178 0 0 0 26 0
77 1 1 99 0 0 0 0 2204 2185 0 0 19 0 0
77 2 0 98 0 0 0 1 4185 4141 0 0 0 44 0
77 2 1 98 0 0 1 0 4185 4134 0 0 51 0 0
78 0 0 99 0 0 0 0 3611 3578 0 0 0 33 0
78 0 1 98 0 0 0 0 3611 3573 0 2 36 0 0
78 1 0 98 0 0 0 1 2204 2178 0 0 0 26 0
78 1 1 99 0 0 0 0 2204 2185 0 0 19 0 0
78 2 0 98 0 0 0 1 4185 4141 0 0 0 44 0
78 2 1 98 0 0 1 0 4185 4134 0 0 51 0 0
79 0 0 99 0 0 0 0 3611 3578 0 0 0 33 0
79 0 1 98 0 0 0 0 3611 3573 0 2 36 0 0
79 1 0 98 0 0 0 1 2204 2178 0 0 0 26 0
79 1 1 99 0 0 0 0 2204 2185 0 0 19 0 0
79 2 0 98 0 0 0 1 4185 4141 0 0 0 44 0
79 2 1 98 0 0 1 0 4185 4134 0 0 51 0 0
80 0 0 99 0 0 0 0 3611 3578 0 0 0 33 0
80 0 1 98 0 0 0 0 3611 3573 0 2 36 0 0
80 1 0 98 0 0 0 1 2204 2178 0 0 0 26 0
80 1 1 99 0 0 0 0 2204 2185 0 0 19 0 0
80 2 0 98 0 0 0 1 4185 4141 0 0 0 44 0
80 2 1 98 0 0 1 0 4185 4134 0 0 51 0 0
81 0 0 99 0 0 0 0 3611 3578 0 0 0 33 0
81 0 1 98 0 0 0 0 3611 3573 0 2 36 0 0
81 1 0 98 0 0 0 1 2204 2178 0 0 0 26 0
81 1 1 99 0 0 0 0 2204 2185 0 0 19 0 0
81 2 0 98 0 0 0 1 4185 4141 0 0 0 44 0
81 2 1 98 0 0 1 0 4185 4134 0 0 51 0 0
82 0 0 99 0 0 0 0 3611 3578 0 0 0 33 0
82 0 1 98 0 0 0 0 3611 3573 0 2 36 0 0
82 1 0 98 0 0 0 1 2204 2178 0 0 0 26 0
82 1 1 99 0 0 0 0 2204 2185 0 0 19 0 0
82 2 0 98 0 0 0 1 4185 4141 0 0 0 44 0
82 2 1 98 0 0 1 0 4185 4134 0 0 51 0 0
83 0 0 99 0 0 0 0 3611 3578 0 0 0 33 0
83 0 1 98 0 0 0 0 3611 3573 0 2 36 0 0
83 1 0 98 0 0 0 1 2204 2178 0 0 0 26 0
83 1 1 99 0 0 0 0 2204 2185 0 0 19 0 0
83 2 0 98 0 0 0 1 4185 4141 0 0 0 44 0
83 2 1 98 0 0 1 0 4185 4134 0 0 51 0 0
84 0 0 99 0 0 0 0 3611 3578 0 0 0 33 0
84 0 1 98 0 0 0 0 3611 3573 0 2 36 0 0
84 1 0 98 0 0 0 1 2204 2178 0 0 0 26 0
84 1 1 99 0 0 0 0 2204 2185 0 0 19 0 0
84 2 0 98 0 0 0 1 4185 4141 0 0 0 44 0
84 2 1 98 0 0 1 0 4185 4134 0 0 51 0 0
85 0 0 99 0 0 0 0 3611 3578 0 0 0 33 0
85 0 1 98 0 0 0 0 3611 3573 0 2 36 0 0
85 1 0 98 0 0 0 1 2204 2178 0 0 0 26 0
85 1 1 99 0 0 0 0 2204 2185 0 0 19 0 0
85 2 0 98 0 0 0 1 4185 4141 0 0 0 44 0
85 2 1 98 0 0 1 0 4185 4134 0 0 51 0 0
86 0 0 99 0 0 0 0 3611 3578 0 0 0 33 0
86 0 1 98 0 0 0 0 3611 3573 0 2 36 0 0
86 1 0 98 0 0 0 1 2204 2178 0 0 0 26 0
86 1 1 99 0 0 0 0 2204 2185 0 0 19 0 0
86 2 0 98 0 0 0 1 4185 4141 0 0 0 44 0
86 2 1 98 0 0 1 0 4185 4134 0 0 51 0 0
87 0 0 99 0 0 0 0 3611 3578 0 0 0 33 0
87 0 1 98 0 0 0 0 3611 3573 0 2 36 0 0
87 1 0 98 0 0 0 1 2204 2178 0 0 0 26 0
87 1 1 99 0 0 0 0 2204 2185 0 0 19 0 0
87 2 0 98 0 0 0 1 4185 4141 0 0 0 44 0
87 2 1 98 0 0 1 0 4185 4134 0 0 51 0 0
88 0 0 99 0 0 0 0 3611 3578 0 0 0 33 0
88 0 1 98 0 0 0 0 3611 3573 0 2 36 0 0
88 1 0 98 0 0 0 1 2204 2178 0 0 0 26 0
88 1 1 99 0 0 0 0 2204 2185 0 0 19 0 0
88 2 0 98 0 0 0 1 4185 4141 0 0 0 44 0
88 2 1 98 0 0 1 0 4185 4134 0 0 51 0 0
89 0 0 99 0 0 0 0 3611 3578 0 0 0 33 0
89 0 1 98 0 0 0 0 3611 3573 0 2 36 0 0
89 1 0 98 0 0 0 1 2204 2178 0 0 0 26 0
89 1 1 99 0 0 0 0 2204 2185 0 0 19 0 0
89 2 0 98 0 0 0 1 4185 4141 0 0 0 44 0
89 2 1 98 0 0 1 0 4185 4134 0 0 51 0 0
90 0 0 99 0 0 0 0 3611 3578 0 0 0 33 0
90 0 1 98 0 0 0 0 3611 3573 0 2 36 0 0
90 1 0 98 0 0 0 1 2204 2178 0 0 0 26 0
90 1 1 99 0 0 0 0 2204 2185 0 0 19 0 0
90 2 0 98 0 0 0 1 4185 4141 0 0 0 44 0
90 2 1 98 0 0 1 0 4185 4134 0 0 51 0 0
91 0 0 99 0 0 0 0 3611 3578 0 0 0 33 0
91 0 1 98 0 0 0 0 3611 3573 0 2 36 0 0
91 1 0 98 0 0 0 1 2204 2178 0 0 0 26 0
91 1 1 99 0 0 0 0 2204 2185 0 0 19 0 0
91 2 0 98 0 0 0 1 4185 4141 0 0 0 44 0
91 2 1 98 0 0 1 0 4185 4134 0 0 51 0 0
92 0 0 99 0 0 0 0 3611 3578 0 0 0 33 0
92 0 1 98 0 0 0 0 3611 3573 0 2 36 0 0
92 1 0 98 0 0 0 1 2204 2178 0 0 0 26 0
92 1 1 99 0 0 0 0 2204 2185 0 0 19 0 0
92 2 0 98 0 0 0 1 4185 4141 0 0 0 44 0
92 2 1 98 0 0 1 0 4185 4134 0 0 51 0 0
93 0 0 99 0 0 0 0 3611 3578 0 0 0 33 0
93 0 1 98 0 0 0 0 3611 3573 0 2 36 0 0
93 1 0 98 0 0 0 1 2204 2178 0 0 0 26 0
93 1 1 99 0 0 0 0 2204 2185 0 0 19 0 0
93 2 0 98 0 0 0 1 4185 4141 0 0 0 44 0
93 2 1 98 0 0 1 0 4185 4134 0 0 51 0 0
94 0 0 99 0 0 0 0 3611 3578 0 0 0 33 0
94 0 1 98 0 0 0 0 3611 3573 0 2 36 0 0
94 1 0 98 0 0 0 1 2204 2178 0 0 0 26 0
94 1 1 99 0 0 0 0 2204 2185 0 0 19 0 0
94 2 0 98 0 0 0 1 4185 4141 0 0 0 44 0
94 2 1 98 0 0 1 0 4185 4134 0 0 51 0 0
95 0 0 99 0 0 0 0 3611 3578 0 0 0 33 0
95 0 1 98 0 0 0 0 3611 3573 0 2 36 0 0
95 1 0 98 0 0 0 1 2204 2178 0 0 0 26 0
95 1 1 99 0 0 0 0 2204 2185 0 0 19 0 0
95 2 0 98 0 0 0 1 4185 4141 0 0 0 44 0
95 2 1 98 0 0 1 0 4185 4134 0 0 51 0 0
96 0 0 99 0 0 0 0 3611 3578 0 0 0 33 0
96 0 1 98 0 0 0 0 3611 3573 0 2 36 0 0
96 1 0 98 0 0 0 1 2204 2178 0 0 0 26 0
96 1 1 99 0 0 0 0 2204 2185 0 0 19 0 0
96 2 0 98 0 0 0 1 4185 4141 0 0 0 44 0
96 2 1 98 0 0 1 0 4185 4134 0 0 51 0 0
97 0 0 99 0 0 0 0 3611 3578 0 0 0 33 0
97 0 1 98 0 0 0 0 3611 3573 0 2 36 0 0
97 1 0 98 0 0 0 1 2204 2178 0 0 0 26 0
97 1 1 99 0 0 0 0 2204 2185 0 0 19 0 0
97 2 0 98 0 0 0 1 4185 4141 0 0 0 44 0
97 2 1 98 0 0 1 0 4185 4134 0 0 51 0 0
98 0 0 99 0 0 0 0 3611 3578 0 0 0 33 0
98 0 1 98 0 0 0 0 3611 3573 0 2 36 0 0
98 1 0 98 0 0 0 1 2204 2178 0 0 0 26 0
98 1 1 99 0 0 0 0 2204 2185 0 0 19 0 0
98 2 0 98 0 0 0 1 4185 4141 0 0 0 44 0
98 2 1 98 0 0 1 0 4185 4134 0 0 51 0 0
99 0 0 99 0 0 0 0 3611 3578 0 0 0 33 0
99 0 1 98 0 0 0 0 3611 3573 0 2 36 0 0
99 1 0 98 0 0 0 1 2204 2178 0 0 0 26 0
99 1 1 99 0 0 0 0 2204 2185 0 0 19 0 0
99 2 0 98 0 0 0 1 4185 4141 0 0 0 44 0
99 2 1 98 0 0 1 0 4185 4134 0 0 51 0 0
100 0 0 99 0 0 0 0 3611 3578 0 0 0 33 0
100 0 1 98 0 0 0 0 3611 3573 0 2 36 0 0
100 1 0 98 0 0 0 1 2204 2178 0 0 0 26 0
100 1 1 99 0 0 0 0 2204 2185 0 0 19 0 0
100 2 0 98 0 0 0 1 4185 4141 0 0 0 44 0
100 2 1 98 0 0 1 0 4185 4134 0 0 51 0 0
101 0 0 99 0 0 0 0 3611 3578 0 0 0 33 0
101 0 1 98 0 0 0 0 3611 3573 0 2 36 0 0
101 1 0 98 0 0 0 1 2204 2178 0 0 0 26 0
101 1 1 99 0 0 0 0 2204 2185 0 0 19 0 0
101 2 0 98 0 0 0 1 4185 4141 0 0 0 44 0
101 2 1 98 0 0 1 0 4185 4134 0 0 51 0 0
102 0 0 99 0 0 0 0 3611 3578 0 0 0 33 0
102 0 1 98 0 0 0 0 3611 3573 0 2 36 0 0
102 1 0 98 0 0 0 1 2204 2178 0 0 0 26 0
102 1 1 99 0 0 0 0 2204 2185 0 0 19 0 0
102 2 0 98 0 0 0 1 4185 4141 0 0 0 44 0
102 2 1 98 0 0 1 0 4185 4134 0 0 51 0 0
103 0 0 99 0 0 0 0 3611 3578 0 0 0 33 0
103 0 1 98 0 0 0 0 3611 3573 0 2 36 0 0
103 1 0 98 0 0 0 1 2204 2178 0 0 0 26 0
103 1 1 99 0 0 0 0 2204 2185 0 0 19 0 0
103 2 0 98 0 0 0 1 4185 4141 0 0 0 44 0
103 2 1 98 0 0 1 0 4185 4134 0 0 51 0 0
104 0 0 99 0 0 0 0 3611 3578 0 0 0 33 0
104 0 1 98 0 0 0 0 3611 3573 0 2 36 0 0
104 1 0 98 0 0 0 1 2204 2178 0 0 0 26 0
104 1 1 99 0 0 0 0 2204 2185 0 0 19 0 0
104 2 0 98 0 0 0 1 4185 4141 0 0 0 44 0
104 2 1 98 0 0 1 0 4185 4134 0 0 51 0 0
105 0 0 99 0 0 0 0 3611 3578 0 0 0 33 0
105 0 1 98 0 0 0 0 3611 3573 0 2 36 0 0
105 1 0 98 0 0 0 1 2204 2178 0 0 0 26 0
105 1 1 99 0 0 0 0 2204 2185 0 0 19 0 0
105 2 0 98 0 0 0 1 4185 4141 0 0 0 44 0
105 2 1 98 0 0 1 0 4185 4134 0 0 51 0 0
106 0 0 99 0 0 0 0 3611 3578 0 0 0 33 0
106 0 1 98 0 0 0 0 3611 3573 0 2 36 0 0
106 1 0 98 0 0 0 1 2204 2178 0 0 0 26 0
106 1 1 99 0 0 0 0 2204 2185 0 0 19 0 0
106 2 0 98 0 0 0 1 4185 4141 0 0 0 44 0
106 2 1 98 0 0 1 0 4185 4134 0 0 51 0 0
107 0 0 99 0 0 0 0 3611 3578 0 0 0 33 0
107 0 1 98 0 0 0 0 3611 3573 0 2 36 0 0
107 1 0 98 0 0 0 1 2204 2178 0 0 0 26 0
107 1 1 99 0 0 0 0 2204 2185 0 0 19 0 0
107 2 0 98 0 0 0 1 4185 4141 0 0 0 44 0
107 2 1 98 0 0 1 0 4185 4134 0 0 51 0 0
108 0 0 99 0 0 0 0 3611 3578 0 0 0 33 0
108 0 1 98 0 0 0 0 3611 3573 0 2 36 0 0
108 1 0 98 0 0 0 1 2204 2178 0 0 0 26 0
108 1 1 99 0 0 0 0 2204 2185 0 0 19 0 0
108 2 0 98 0 0 0 1 4185 4141 0 0 0 44 0
108 2 1 98 0 0 1 0 4185 4134 0 0 51 0 0
109 0 0 99 0 0 0 0 3611 3578 0 0 0 33 0
109 0 1 98 0 0 0 0 3611 3573 0 2 36 0 0
109 1 0 98 0 0 0 1 2204 2178 0 0 0 26 0
109 1 1 99 0 0 0 0 2204 2185 0 0 19 0 0
109 2 0 98 0 0 0 1 4185 4141 0 0 0 44 0
109 2 1 98 0 0 1 0 4185 4134 0 0 51 0 0
110 0 0 99 0 0 0 0 3611 3578 0 0 0 33 0
110 0 1 98 0 0 0 0 3611 3573 0 2 36 0 0
110 1 0 98 0 0 0 1 2204 2178 0 0 0 26 0
110 1 1 99 0 0 0 0 2204 2185 0 0 19 0 0
110 2 0 98 0 0 0 1 4185 4141 0 0 0 44 0
110 2 1 98 0 0 1 0 4185 4134 0 0 51 0 0
111 0 0 99 0 0 0 0 3611 3578 0 0 0 33 0
111 0 1 98 0 0 0 0 3611 3573 0 2 36 0 0
111 1 0 98 0 0 0 1 2204 2178 0 0 0 26 0
111 1 1 99 0 0 0 0 2204 2185 0 0 19 0 0
111 2 0 98 0 0 0 1 4185 4141 0 0 0 44 0
111 2 1 98 0 0 1 0 4185 4134 0 0 51 0 0
112 0 0 99 0 0 0 0 3611 3578 0 0 0 33 0
112 0 1 98 0 0 0 0 3611 3573 0 2 36 0 0
112 1 0 98 0 0 0 1 2204 2178 0 0 0 26 0
112 1 1 99 0 0 0 0 2204 2185 0 0 19 0 0
112 2 0 98 0 0 0 1 4185 4141 0 0 0 44 0
112 2 1 98 0 0 1 0 4185 4134 0 0 51 0 0
113 0 0 99 0 0 0 0 3611 3578 0 0 0 33 0
113 0 1 98 0 0 0 0 3611 3573 0 2 36 0 0
113 1 0 98 0 0 0 1 2204 2178 0 0 0 26 0
113 1 1 99 0 0 0 0 2204 2185 0 0 19 0 0
113 2 0 98 0 0 0 1 4185 4141 0 0 0 44 0
113 2 1 98 0 0 1 0 4185 4134 0 0 51 0 0
114 0 0 99 0 0 0 0 3611 3578 0 0 0 33 0
114 0 1 98 0 0 0 0 3611 3573 0 2 36 0 0
114 1 0 98 0 0 0 1 2204 2178 0 0 0 26 0
114 1 1 99 0 0 0 0 2204 2185 0 0 19 0 0
114 2 0 98 0 0 0 1 4185 4141 0 0 0 44 0
114 2 1 98 0 0 1 0 4185 4134 0 0 51 0 0
115 0 0 99 0 0 0 0 3611 3578 0 0 0 33 0
115 0 1 98 0 0 0 0 3611 3573 0 2 36 0 0
115 1 0 98 0 0 0 1 2204 2178 0 0 0 26 0
115 1 1 99 0 0 0 0 2204 2185 0 0 19 0 0
115 2 0 98 0 0 0 1 4185 4141 0 0 0 44 0
115 2 1 98 0 0 1 0 4185 4134 0 0 51 0 0
116 0 0 99 0 0 0 0 3611 3578 0 0 0 33 0
116 0 1 98 0 0 0 0 3611 3573 0 2 36 0 0
116 1 0 98 0 0 0 1 2204 2178 0 0 0 26 0
116 1 1 99 0 0 0 0 2204 2185 0 0 19 0 0
116 2 0 98 0 0 0 1 4185 4141 0 0 0 44 0
116 2 1 98 0 0 1 0 4185 4134 0 0 51 0 0
117 0 0 99 0 0 0 0 3611 3578 0 0 0 33 0
117 0 1 98 0 0 0 0 3611 3573 0 2 36 0 0
117 1 0 98 0 0 0 1 2204 2178 0 0 0 26 0
117 1 1 99 0 0 0 0 2204 2185 0 0 19 0 0
117 2 0 98 0 0 0 1 4185 4141 0 0 0 44 0
117 2 1 98 0 0 1 0 4185 4134 0 0 51 0 0
118 0 0 99 0 0 0 0 3611 3578 0 0 0 33 0
118 0 1 98 0 0 0 0 3611 3573 0 2 36 0 0
118 1 0 98 0 0 0 1 2204 2178 0 0 0 26 0
118 1 1 99 0 0 0 0 2204 2185 0 0 19 0 0
118 2 0 98 0 0 0 1 4185 4141 0 0 0 44 0
118 2 1 98 0 0 1 0 4185 4134 0 0 51 0 0
119 0 0 99 0 0 0 0 3611 3578 0 0 0 33 0
119 0 1 98 0 0 0 0 3611 3573 0 2 36 0 0
119 1 0 98 0 0 0 1 2204 2178 0 0 0 26 0
119 1 1 99 0 0 0 0 2204 2185 0 0 19 0 0
119 2 0 98 0 0 0 1 4185 4141 0 0 0 44 0
119 2 1 98 0 0 1 0 4185 4134 0 0 51 0 0
120 0 0 99 0 0 0 0 3611 3578 0 0 0 33 0
120 0 1 98 0 0 0 0 3611 3573 0 2 36 0 0
120 1 0 98 0 0 0 1 2204 2178 0 0 0 26 0
120 1 1 99 0 0 0 0 2204 2185 0 0 19 0 0
120 2 0 98 0 0 0 1 4185 4141 0 0 0 44 0
120 2 1 98 0 0 1 0 4185 4134 0 0 51 0 0
121 0 0 99 0 0 0 0 3611 3578 0 0 0 33 0
121 0 1 98 0 0 0 0 3611 3573 0 2 36 0 0
121 1 0 98 0 0 0 1 2204 2178 0 0 0 26 0
121 1 1 99 0 0 0 0 2204 2185 0 0 19 0 0
121 2 0 98 0 0 0 1 4185 4141 0 0 0 44 0
121 2 1 98 0 0 1 0 4185 4134 0 0 51 0 0
122 0 0 99 0 0 0 0 3611 3578 0 0 0 33 0
122 0 1 98 0 0 0 0 3611 3573 0 2 36 0 0
122 1 0 98 0 0 0 1 2204 2178 0 0 0 26 0
122 1 1 99 0 0 0 0 2204 2185 0 0 19 0 0
122 2 0 98 0 0 0 1 4185 4141 0 0 0 44 0
122 2 1 98 0 0 1 0 4185 4134 0 0 51 0 0
123 0 0 99 0 0 0 0 3611 3578 0 0 0 33 0
123 0 1 98 0 0 0 0 3611 3573 0 2 36 0 0
123 1 0 98 0 0 0 1 2204 2178 0 0 0 26 0
123 1 1 99 0 0 0 0 2204 2185 0 0 19 0 0
123 2 0 98 0 0 0 1 4185 4141 0 0 0 44 0
123 2 1 98 0 0 1 0 4185 4134 0 0 51 0 0
124 0 0 99 0 0 0 0 3611 3578 0 0 0 33 0
124 0 1 98 0 0 0 0 3611 3573 0 2 36 0 0
124 1 0 98 0 0 0 1 2204 2178 0 0 0 26 0
124 1 1 99 0 0 0 0 2204 2185 0 0 19 0 0
124 2 0 98 0 0 0 1 4185 4141 0 0 0 44 0
124 2 1 98 0 0 1 0 4185 4134 0 0 51 0 0
125 0 0 99 0 0 0 0 3611 3578 0 0 0 33 0
125 0 1 98 0 0 0 0 3611 3573 0 2 36 0 0
125 1 0 98 0 0 0 1 2204 2178 0 0 0 26 0
125 1 1 99 0 0 0 0 2204 2185 0 0 19 0 0
125 2 0 98 0 0 0 1 4185 4141 0 0 0 44 0
125 2 1 98 0 0 1 0 4185 4134 0 0 51 0 0
126 0 0 99 0 0 0 0 3611 3578 0 0 0 33 0
126 0 1 98 0 0 0 0 3611 3573 0 2 36 0 0
126 1 0 98 0 0 0 1 2204 2178 0 0 0 26 0
126 1 1 99 0 0 0 0 2204 2185 0 0 19 0 0
126 2 0 98 0 0 0 1 4185 4141 0 0 0 44 0
126 2 1 98 0 0 1 0 4185 4134 0 0 51 0 0
127 0 0 99 0 0 0 0 3611 3578 0 0 0 33 0
127 0 1 98 0 0 0 0 3611 3573 0 2 36 0 0
127 1 0 98 0 0 0 1 2204 2178 0 0 0 26 0
127 1 1 99 0 0 0 0 2204 2185 0 0 19 0 0
127 2 0 98 0 0 0 1 4185 4141 0 0 0 44 0
127 2 1 98 0 0 1 0 4185 4134 0 0 51 0 0
128 0 0 99 0 0 0 0 3611 3578 0 0 0 33 0
128 0 1 98 0 0 0 0 3611 3573 0 2 36 0 0
128 1 0 98 0 0 0 1 2204 2178 0 0 0 26 0
128 1 1 99 0 0 0 0 2204 2185 0 0 19 0 0
128 2 0 98 0 0 0 1 4185 4141 0 0 0 44 0
128 2 1 98 0 0 1 0 4185 4134 0 0 51 0 0
129 0 0 99 0 0 0 0 3611 3578 0 0 0 33 0
129 0 1 98 0 0 0 0 3611 3573 0 2 36 0 0
129 1 0 98 0 0 0 1 2204 2178 0 0 0 26 0
129 1 1 99 0 0 0 0 2204 2185 0 0 19 0 0
129 2 0 98 0 0 0 1 4185 4141 0 0 0 44 0
129 2 1 98 0 0 1 0 4185 4134 0 0 51 0 0
130 0 0 99 0 0 0 0 3611 3578 0 0 0 33 0
130 0 1 98 0 0 0 0 3611 3573 0 2 36 0 0
130 1 0 98 0 0 0 1 2204 2178 0 0 0 26 0
130 1 1 99 0 0 0 0 2204 2185 0 0 19 0 0
130 2 0 98 0 0 0 1 4185 4141 0 0 0 44 0
130 2 1 98 0 0 1 0 4185 4134 0 0 51 0 0
131 0 0 99 0 0 0 0 3611 3578 0 0 0 33 0
131 0 1 98 0 0 0 0 3611 3573 0 2 36 0 0
131 1 0 98 0 0 0 1 2204 2178 0 0 0 26 0
131 1 1 99 0 0 0 0 2204 2185 0 0 19 0 0
131 2 0 98 0 0 0 1 4185 4141 0 0 0 44 0
131 2 1 98 0 0 1 0 4185 4134 0 0 51 0 0
132 0 0 99 0 0 0 0 3611 3578 0 0 0 33 0
132 0 1 98 0 0 0 0 3611 3573 0 2 36 0 0
132 1 0 98 0 0 0 1 2204 2178 0 0 0 26 0
132 1 1 99 0 0 0 0 2204 2185 0 0 19 0 0
132 2 0 98 0 0 0 1 4185 4141 0 0 0 44 0
132 2 1 98 0 0 1 0 4185 4134 0 0 51 0 0
133 0 0 99 0 0 0 0 3611 3578 0 0 0 33 0
133 0 1 98 0 0 0 0 3611 3573 0 2 36 0 0
133 1 0 98 0 0 0 1 2204 2178 0 0 0 26 0
133 1 1 99 0 0 0 0 2204 2185 0 0 19 0 0
133 2 0 98 0 0 0 1 4185 4141 0 0 0 44 0
133 2 1 98 0 0 1 0 4185 4134 0 0 51 0 0
134 0 0 99 0 0 0 0 3611 3578 0 0 0 33 0
134 0 1 98 0 0 0 0 3611 3573 0 2 36 0 0
134 1 0 98 0 0 0 1 2204 2178 0 0 0 26 0
134 1 1 99 0 0 0 0 2204 2185 0 0 19 0 0
134 2 0 98 0 0 0 1 4185 4141 0 0 0 44 0
134 2 1 98 0 0 1 0 4185 4134 0 0 51 0 0
135 0 0 99 0 0 0 0 3611 3578 0 0 0 33 0
135 0 1 98 0 0 0 0 3611 3573 0 2 36 0 0
135 1 0 98 0 0 0 1 2204 2178 0 0 0 26 0
135 1 1 99 0 0 0 0 2204 2185 0 0 19 0 0
135 2 0 98 0 0 0 1 4185 4141 0 0 0 44 0
135 2 1 98 0 0 1 0 4185 4134 0 0 51 0 0
136 0 0 99 0 0 0 0 3611 3578 0 0 0 33 0
136 0 1 98 0 0 0 0 3611 3573 0 2 36 0 0
136 1 0 98 0 0 0 1 2204 2178 0 0 0 26 0
136 1 1 99 0 0 0 0 2204 2185 0 0 19 0 0
136 2 0 98 0 0 0 1 4185 4141 0 0 0 44 0
136 2 1 98 0 0 1 0 4185 4134 0 0 51 0 0
137 0 0 99 0 0 0 0 3611 3578 0 0 0 33 0
137 0 1 98 0 0 0 0 3611 3573 0 2 36 0 0
137 1 0 98 0 0 0 1 2204 2178 0 0 0 26 0
137 1 1 99 0 0 0 0 2204 2185 0 0 19 0 0
137 2 0 98 0 0 0 1 4185 4141 0 0 0 44 0
137 2 1 98 0 0 1 0 4185 4134 0 0 51 0 0
138 0 0 99 0 0 0 0 3611 3578 0 0 0 33 0
138 0 1 98 0 0 0 0 3611 3573 0 2 36 0 0
138 1 0 98 0 0 0 1 2204 2178 0 0 0 26 0
138 1 1 99 0 0 0 0 2204 2185 0 0 19 0 0
138 2 0 98 0 0 0 1 4185 4141 0 0 0 44 0
138 2 1 98 0 0 1 0 4185 4134 0 0 51 0 0
139 0 0 99 0 0 0 0 3611 3578 0 0 0 33 0
139 0 1 98 0 0 0 0 3611 3573 0 2 36 0 0
139 1 0 98 0 0 0 1 2204 2178 0 0 0 26 0
139 1 1 99 0 0 0 0 2204 2185 0 0 19 0 0
139 2 0 98 0 0 0 1 4185 4141 0 0 0 44 0
139 2 1 98 0 0 1 0 4185 4134 0 0 51 0 0
140 0 0 99 0 0 0 0 3611 3578 0 0 0 33 0
140 0 1 98 0 0 0 0 3611 3573 0 2 36 0 0
140 1 0 98 0 0 0 1 2204 2178 0 0 0 26 0
140 1 1 99 0 0 0 0 2204 2185 0 0 19 0 0
140 2 0 98 0 0 0 1 4185 4141 0 0 0 44 0
140 2 1 98 0 0 1 0 4185 4134 0 0 51 0 0
141 0 0 99 0 0 0 0 3611 3578 0 0 0 33 0
141 0 1 98 0 0 0 0 3611 3573 0 2 36 0 0
141 1 0 98 0 0 0 1 2204 2178 0 0 0 26 0
141 1 1 99 0 0 0 0 2204 2185 0 0 19 0 0
141 2 0 98 0 0 0 1 4185 4141 0 0 0 44 0
141 2 1 98 0 0 1 0 4185 4134 0 0 51 0 0
142 0 0 99 0 0 0 0 3611 3578 0 0 0 33 0
142 0 1 98 0 0 0 0 3611 3573 0 2 36 0 0
142 1 0 98 0 0 0 1 2204 2178 0 0 0 26 0
142 1 1 99 0 0 0 0 2204 2185 0 0 19 0 0
142 2 0 98 0 0 0 1 4185 4141 0 0 0 44 0
142 2 1 98 0 0 1 0 4185 4134 0 0 51 0 0
143 0 0 99 0 0 0 0 3611 3578 0 0 0 33 0
143 0 1 98 0 0 0 0 3611 3573 0 2 36 0 0
143 1 0 98 0 0 0 1 2204 2178 0 0 0 26 0
143 1 1 99 0 0 0 0 2204 2185 0 0 19 0 0
143 2 0 98 0 0 0 1 4185 4141 0 0 0 44 0
143 2 1 98 0 0 1 0 4185 4134 0 0 51 0 0
144 0 0 99 0 0 0 0 3611 3578 0 0 0 33 0
144 0 1 98 0 0 0 0 3611 3573 0 2 36 0 0
144 1 0 98 0 0 0 1 2204 2178 0 0 0 26 0
144 1 1 99 0 0 0 0 2204 2185 0 0 19 0 0
144 2 0 98 0 0 0 1 4185 4141 0 0 0 44 0
144 2 1 98 0 0 1 0 4185 4134 0 0 51 0 0
145 0 0 99 0 0 0 0 3611 3578 0 0 0 33 0
145 0 1 98 0 0 0 0 3611 3573 0 2 36 0 0
145 1 0 98 0 0 0 1 2204 2178 0 0 0 26 0
145 1 1 99 0 0 0 0 2204 2185 0 0 19 0 0
145 2 0 98 0 0 0 1 4185 4141 0 0 0 44 0
145 2 1 98 0 0 1 0 4185 4134 0 0 51 0 0
146 0 0 99 0 0 0 0 3611 3578 0 0 0 33 0
146 0 1 98 0 0 0 0 3611 3573 0 2 36 0 0
146 1 0 98 0 0 0 1 2204 2178 0 0 0 26 0
146 1 1 99 0 0 0 0 2204 2185 0 0 19 0 0
146 2 0 98 0 0 0 1 4185 4141 0 0 0 44 0
146 2 1 98 0 0 1 0 4185 4134 0 0 51 0 0
147 0 0 99 0 0 0 0 3611 3578 0 0 0 33 0
147 0 1 98 0 0 0 0 3611 3573 0 2 36 0 0
147 1 0 98 0 0 0 1 2204 2178 0 0 0 26 0
147 1 1 99 0 0 0 0 2204 2185 0 0 19 0 0
147 2 0 98 0 0 0 1 4185 4141 0 0 0 44 0
147 2 1 98 0 0 1 0 4185 4134 0 0 51 0 0
148 0 0 99 0 0 0 0 3611 3578 0 0 0 33 0
148 0 1 98 0 0 0 0 3611 3573 0 2 36 0 0
148 1 0 98 0 0 0 1 2204 2178 0 0 0 26 0
148 1 1 99 0 0 0 0 2204 2185 0 0 19 0 0
148 2 0 98 0 0 0 1 4185 4141 0 0 0 44 0
148 2 1 98 0 0 1 0 4185 4134 0 0 51 0 0
149 0 0 99 0 0 0 0 3611 3578 0 0 0 33 0
149 0 1 98 0 0 0 0 3611 3573 0 2 36 0 0
149 1 0 98 0 0 0 1 2204 2178 0 0 0 26 0
149 1 1 99 0 0 0 0 2204 2185 0 0 19 0 0
149 2 0 98 0 0 0 1 4185 4141 0 0 0 44 0
149 2 1 98 0 0 1 0 4185 4134 0 0 51 0 0
150 0 0 99 0 0 0 0 3611 3578 0 0 0 33 0
150 0 1 98 0 0 0 0 3611 3573 0 2 36 0 0
150 1 0 98 0 0 0 1 2204 2178 0 0 0 26 0
150 1 1 99 0 0 0 0 2204 2185 0 0 19 0 0
150 2 0 98 0 0 0 1 4185 4141 0 0 0 44 0
150 2 1 98 0 0 1 0 4185 4134 0 0 51 0 0
151 0 0 99 0 0 0 0 3611 3578 0 0 0 33 0
151 0 1 98 0 0 0 0 3611 3573 0 2 36 0 0
151 1 0 98 0 0 0 1 2204 2178 0 0 0 26 0
151 1 1 99 0 0 0 0 2204 2185 0 0 19 0 0
151 2 0 98 0 0 0 1 4185 4141 0 0 0 44 0
151 2 1 98 0 0 1 0 4185 4134 0 0 51 0 0
152 0 0 99 0 0 0 0 3611 3578 0 0 0 33 0
152 0 1 98 0 0 0 0 3611 3573 0 2 36 0 0
152 1 0 98 0 0 0 1 2204 2178 0 0 0 26 0
152 1 1 99 0 0 0 0 2204 2185 0 0 19 0 0
152 2 0 98 0 0 0 1 4185 4141 0 0 0 44 0
152 2 1 98 0 0 1 0 4185 4134 0 0 51 0 0
153 0 0 99 0 0 0 0 3611 3578 0 0 0 33 0
153 0 1 98 0 0 0 0 3611 3573 0 2 36 0 0
153 1 0 98 0 0 0 1 2204 2178 0 0 0 26 0
153 1 1 99 0 0 0 0 2204 2185 0 0 19 0 0
153 2 0 98 0 0 0 1 4185 4141 0 0 0 44 0
153 2 1 98 0 0 1 0 4185 4134 0 0 51 0 0
154 0 0 99 0 0 0 0 3611 3578 0 0 0 33 0
154 0 1 98 0 0 0 0 3611 3573 0 2 36 0 0
154 1 0 98 0 0 0 1 2204 2178 0 0 0 26 0
154 1 1 99 0 0 0 0 2204 2185 0 0 19 0 0
154 2 0 98 0 0 0 1 4185 4141 0 0 0 44 0
154 2 1 98 0 0 1 0 4185 4134 0 0 51 0 0
155 0 0 99 0 0 0 0 3611 3578 0 0 0 33 0
155 0 1 98 0 0 0 0 3611 3573 0 2 36 0 0
155 1 0 98 0 0 0 1 2204 2178 0 0 0 26 0
155 1 1 99 0 0 0 0 2204 2185 0 0 19 0 0
155 2 0 98 0 0 0 1 4185 4141 0 0 0 44 0
155 2 1 98 0 0 1 0 4185 4134 0 0 51 0 0
156 0 0 99 0 0 0 0 3611 3578 0 0 0 33 0
156 0 1 98 0 0 0 0 3611 3573 0 2 36 0 0
156 1 0 98 0 0 0 1 2204 2178 0 0 0 26 0
156 1 1 99 0 0 0 0 2204 2185 0 0 19 0 0
156 2 0 98 0 0 0 1 4185 4141 0 0 0 44 0
156 2 1 98 0 0 1 0 4185 4134 0 0 51 0 0
157 0 0 99 0 0 0 0 3611 3578 0 0 0 33 0
157 0 1 98 0 0 0 0 3611 3573 0 2 36 0 0
157 1 0 98 0 0 0 1 2204 2178 0 0 0 26 0
157 1 1 99 0 0 0 0 2204 2185 0 0 19 0 0
157 2 0 98 0 0 0 1 4185 4141 0 0 0 44 0
157 2 1 98 0 0 1 0 4185 4134 0 0 51 0 0
158 0 0 99 0 0 0 0 3611 3578 0 0 0 33 0
158 0 1 98 0 0 0 0 3611 3573 0 2 36 0 0
158 1 0 98 0 0 0 1 2204 2178 0 0 0 26 0
158 1 1 99 0 0 0 0 2204 2185 0 0 19 0 0
158 2 0 98 0 0 0 1 4185 4141 0 0 0 44 0
158 2 1 98 0 0 1 0 4185 4134 0 0 51 0 0
159 0 0 99 0 0 0 0 3611 3578 0 0 0 33 0
159 0 1 98 0 0 0 0 3611 3573 0 2 36 0 0
159 1 0 98 0 0 0 1 2204 2178 0 0 0 26 0
159 1 1 99 0 0 0 0 2204 2185 0 0 19 0 0
159 2 0 98 0 0 0 1 4185 4141 0 0 0 44 0
159 2 1 98 0 0 1 0 4185 4134 0 0 51 0 0
160 0 0 99 0 0 0 0 3611 3578 0 0 0 33 0
160 0 1 98 0 0 0 0 3611 3573 0 2 36 0 0
160 1 0 98 0 0 0 1 2204 2178 0 0 0 26 0
160 1 1 99 0 0 0 0 2204 2185 0 0 19 0 0
160 2 0 98 0 0 0 1 4185 4141 0 0 0 44 0
160 2 1 98 0 0 1 0 4185 4134 0 0 51 0 0
161 0 0 99 0 0 0 0 3611 3578 0 0 0 33 0
161 0 1 98 0 0 0 0 3611 3573 0 2 36 0 0
161 1 0 98 0 0 0 1 2204 2178 0 0 0 26 0
161 1 1 99 0 0 0 0 2204 2185 0 0 19 0 0
161 2 0 98 0 0 0 1 4185 4141 0 0 0 44 0
161 2 1 98 0 0 1 0 4185 4134 0 0 51 0 0
162 0 0 99 0 0 0 0 3611 3578 0 0 0 33 0
162 0 1 98 0 0 0 0 3611 3573 0 2 36 0 0
162 1 0 98 0 0 0 1 2204 2178 0 0 0 26 0
162 1 1 99 0 0 0 0 2204 2185 0 0 19 0 0
162 2 0 98 0 0 0 1 4185 4141 0 0 0 44 0
162 2 1 98 0 0 1 0 4185 4134 0 0 51 0 0
163 0 0 99 0 0 0 0 3611 3578 0 0 0 33 0
163 0 1 98 0 0 0 0 3611 3573 0 2 36 0 0
163 1 0 98 0 0 0 1 2204 2178 0 0 0 26 0
163 1 1 99 0 0 0 0 2204 2185 0 0 19 0 0
163 2 0 98 0 0 0 1 4185 4141 0 0 0 44 0
163 2 1 98 0 0 1 0 4185 4134 0 0 51 0 0
164 0 0 99 0 0 0 0 3611 3578 0 0 0 33 0
164 0 1 98 0 0 0 0 3611 3573 0 2 36 0 0
164 1 0 98 0 0 0 1 2204 2178 0 0 0 26 0
164 1 1 99 0 0 0 0 2204 2185 0 0 19 0 0
164 2 0 98 0 0 0 1 4185 4141 0 0 0 44 0
164 2 1 98 0 0 1 0 4185 4134 0 0 51 0 0
165 0 0 99 0 0 0 0 3611 3578 0 0 0 33 0
165 0 1 98 0 0 0 0 3611 3573 0 2 36 0 0
165 1 0 98 0 0 0 1 2204 2178 0 0 0 26 0
165 1 1 99 0 0 0 0 2204 2185 0 0 19 0 0
165 2 0 98 0 0 0 1 4185 4141 0 0 0 44 0
165 2 1 98 0 0 1 0 4185 4134 0 0 51 0 0
166 0 0 99 0 0 0 0 3611 3578 0 0 0 33 0
166 0 1 98 0 0 0 0 3611 3573 0 2 36 0 0
166 1 0 98 0 0 0 1 2204 2178 0 0 0 26 0
166 1 1 99 0 0 0 0 2204 2185 0 0 19 0 0
166 2 0 98 0 0 0 1 4185 4141 0 0 0 44 0
166 2 1 98 0 0 1 0 4185 4134 0 0 51 0 0
167 0 0 99 0 0 0 0 3611 3578 0 0 0 33 0
167 0 1 98 0 0 0 0 3611 3573 0 2 36 0 0
167 1 0 98 0 0 0 1 2204 2178 0 0 0 26 0
167 1 1 99 0 0 0 0 2204 2185 0 0 19 0 0
167 2 0 98 0 0 0 1 4185 4141 0 0 0 44 0
167 2 1 98 0 0 1 0 4185 4134 0 0 51 0 0
168 0 0 99 0 0 0 0 3611 3578 0 0 0 33 0
168 0 1 98 0 0 0 0 3611 3573 0 2 36 0 0
168 1 0 98 0 0 0 1 2204 2178 0 0 0 26 0
168 1 1 99 0 0 0 0 2204 2185 0 0 19 0 0
168 2 0 98 0 0 0 1 4185 4141 0 0 0 44 0
168 2 1 98 0 0 1 0 4185 4134 0 0 51 0 0
169 0 0 99 0 0 0 0 3611 3578 0 0 0 33 0
169 0 1 98 0 0 0 0 3611 3573 0 2 36 0 0
169 1 0 98 0 0 0 1 2204 2178 0 0 0 26 0
169 1 1 99 0 0 0 0 2204 2185 0 0 19 0 0
169 2 0 98 0 0 0 1 4185 4141 0 0 0 44 0
169 2 1 98 0 0 1 0 4185 4134 0 0 51 0 0
170 0 0 99 0 0 0 0 3611 3578 0 0 0 33 0
170 0 1 98 0 0 0 0 3611 3573 0 2 36 0 0
170 1 0 98 0 0 0 1 2204 2178 0 0 0 26 0
170 1 1 99 0 0 0 0 2204 2185 0 0 19 0 0
170 2 0 98 0 0 0 1 4185 4141 0 0 0 44 0
170 2 1 98 0 0 1 0 4185 4134 0 0 51 0 0
171 0 0 99 0 0 0 0 3611 3578 0 0 0 33 0
171 0 1 98 0 0 0 0 3611 3573 0 2 36 0 0
171 1 0 98 0 0 0 1 2204 2178 0 0 0 26 0
171 1 1 99 0 0 0 0 2204 2185 0 0 19 0 0
171 2 0 98 0 0 0 1 4185 4141 0 0 0 44 0
171 2 1 98 0 0 1 0 4185 4134 0 0 51 0 0
172 0 0 99 0 0 0 0 3611 3578 0 0 0 33 0
172 0 1 98 0 0 0 0 3611 3573 0 2 36 0 0
172 1 0 98 0 0 0 1 2204 2178 0 0 0 26 0
172 1 1 99 0 0 0 0 2204 2185 0 0 19 0 0
172 2 0 98 0 0 0 1 4185 4141 0 0 0 44 0
172 2 1 98 0 0 1 0 4185 4134 0 0 51 0 0
173 0 0 99 0 0 0 0 3611 3578 0 0 0 33 0
173 0 1 98 0 0 0 0 3611 3573 0 2 36 0 0
173 1 0 98 0 0 0 1 2204 2178 0 0 0 26 0
173 1 1 99 0 0 0 0 2204 2185 0 0 19 0 0
173 2 0 98 0 0 0 1 4185 4141 0 0 0 44 0
173 2 1 98 0 0 1 0 4185 4134 0 0 51 0 0
174 0 0 99 0 0 0 0 3611 3578 0 0 0 33 0
174 0 1 98 0 0 0 0 3611 3573 0 2 36 0 0
174 1 0 98 0 0 0 1 2204 2178 0 0 0 26 0
174 1 1 99 0 0 0 0 2204 2185 0 0 19 0 0
174 2 0 98 0 0 0 1 4185 4141 0 0 0 44 0
174 2 1 98 0 0 1 0 4185 4134 0 0 51 0 0
175 0 0 99 0 0 0 0 3611 3578 0 0 0 33 0
175 0 1 98 0 0 0 0 3611 3573 0 2 36 0 0
175 1 0 98 0 0 0 1 2204 2178 0 0 0 26 0
175 1 1 99 0 0 0 0 2204 2185 0 0 19 0 0
175 2 0 98 0 0 0 1 4185 4141 0 0 0 44 0
175 2 1 98 0 0 1 0 4185 4134 0 0 51 0 0
176 0 0 99 0 0 0 0 3611 3578 0 0 0 33 0
176 0 1 98 0 0 0 0 3611 3573 0 2 36 0 0
176 1 0 98 0 0 0 1 2204 2178 0 0 0 26 0
176 1 1 99 0 0 0 0 2204 2185 0 0 19 0 0
176 2 0 98 0 0 0 1 4185 4141 0 0 0 44 0
176 2 1 98 0 0 1 0 4185 4134 0 0 51 0 0
177 0 0 99 0 0 0 0 3611 3578 0 0 0 33 0
177 0 1 98 0 0 0 0 3611 3573 0 2 36 0 0
177 1 0 98 0 0 0 1 2204 2178 0 0 0 26 0
177 1 1 99 0 0 0 0 2204 2185 0 0 19 0 0
177 2 0 98 0 0 0 1 4185 4141 0 0 0 44 0
177 2 1 98 0 0 1 0 4185 4134 0 0 51 0 0
178 0 0 99 0 0 0 0 3611 3578 0 0 0 33 0
178 0 1 98 0 0 0 0 3611 3573 0 2 36 0 0
178 1 0 98 0 0 0 1 2204 2178 0 0 0 26 0
178 1 1 99 0 0 0 0 2204 2185 0 0 19 0 0
178 2 0 98 0 0 0 1 4185 4141 0 0 0 44 0
178 2 1 98 0 0 1 0 4185 4134 0 0 51 0 0
179 0 0 99 0 0 0 0 3611 3578 0 0 0 33 0
179 0 1 98 0 0 0 0 3611 3573 0 2 36 0 0
179 1 0 98 0 0 0 1 2204 2178 0 0 0 26 0
179 1 1 99 0 0 0 0 2204 2185 0 0 19 0 0
179 2 0 98 0 0 0 1 4185 4141 0 0 0 44 0
179 2 1 98 0 0 1 0 4185 4134 0 0 51 0 0
180 0 0 99 0 0 0 0 3611 3578 0 0 0 33 0
180 0 1 98 0 0 0 0 3611 3573 0 2 36 0 0
180 1 0 98 0 0 0 1 2204 2178 0 0 0 26 0
180 1 1 99 0 0 0 0 2204 2185 0 0 19 0 0
180 2 0 98 0 0 0 1 4185 4141 0 0 0 44 0
180 2 1 98 0 0 1 0 4185 4134 0 0 51 0 0
180 0 0 99 0 0 0 0 3611 3578 0 0 0 33 0
180 0 1 98 0 0 0 0 3611 3573 0 2 36 0 0
180 1 0 98 0 0 0 1 2204 2178 0 0 0 26 0
180 1 1 99 0 0 0 0 2204 2185 0 0 19 0 0
180 2 0 98 0 0 0 1 4185 4141 0 0 0 44 0
180 2 1 98 0 0 1 0 4185 4134 0 0 51 0 0
