0 100 0 0 0 0
1 98.97 1.03 0 0 0
2 98.97 0.83 0.2 0 0
3 98.97 0.52 0.51 0 0
4 98.97 0.26 0.75 0 0.02
5 98.97 0 0.87 0 0.16
6 98.97 0 0.62 0 0.41
7 98.97 0 0.38 0 0.65
8 98.97 0 0.15 0 0.88
9 98.97 0 0.02 0 1.01
10 98.97 0 0 0 1.03
11 98.97 0 0 0 1.03
12 98.97 0 0 0 1.03
13 98.97 0 0 0 1.03
14 98.97 0 0 0 1.03
15 98.97 0 0 0 1.03
16 98.97 0 0 0 1.03
17 98.97 0 0 0 1.03
18 98.97 0 0 0 1.03
19 98.97 0 0 0 1.03
20 98.97 0 0 0 1.03
21 98.97 0 0 0 1.03
22 98.97 0 0 0 1.03
23 98.97 0 0 0 1.03
24 98.97 0 0 0 1.03
25 98.97 0 0 0 1.03
26 98.97 0 0 0 1.03
27 98.97 0 0 0 1.03
28 98.97 0 0 0 1.03
29 98.97 0 0 0 1.03
30 98.97 0 0 0 1.03
31 98.97 0 0 0 1.03
32 98.97 0 0 0 1.03
33 98.97 0 0 0 1.03
34 98.97 0 0 0 1.03
35 98.97 0 0 0 1.03
36 98.97 0 0 0 1.03
37 98.97 0 0 0 1.03
38 98.97 0 0 0 1.03
39 98.97 0 0 0 1.03
40 98.97 0 0 0 1.03
41 98.97 0 0 0 1.03
42 98.97 0 0 0 1.03
43 98.97 0 0 0 1.03
44 98.97 0 0 0 1.03
45 98.97 0 0 0 1.03
46 98.97 0 0 0 1.03
47 98.97 0 0 0 1.03
48 98.97 0 0 0 1.03
49 98.97 0 0 0 1.03
50 98.97 0 0 0 1.03
51 98.97 0 0 0 1.03
52 98.97 0 0 0 1.03
53 98.97 0 0 0 1.03
54 98.97 0 0 0 1.03
55 98.97 0 0 0 1.03
56 98.97 0 0 0 1.03
57 98.97 0 0 0 1.03
58 98.97 0 0 0 1.03
59 98.97 0 0 0 1.03
60 98.97 0 0 0 1.03
61 98.97 0 0 0 1.03
62 98.97 0 0 0 1.03
63 98.97 0 0 0 1.03
64 98.97 0 0 0 1.03
65 98.97 0 0 0 1.03
66 98.97 0 0 0 1.03
67 98.97 0 0 0 1.03
68 98.97 0 0 0 1.03
69 98.97 0 0 0 1.03
70 98.97 0 0 0 1.03
71 98.97 0 0 0 1.03
72 98.97 0 0 0 1.03
73 98.97 0 0 0 1.03
74 98.97 0 0 0 1.03
75 98.97 0 0 0 1.03
76 98.97 0 0 0 1.03
77 98.97 0 0 0 1.03
78 98.97 0 0 0 1.03
79 98.97 0 0 0 1.03
80 98.97 0 0 0 1.03
81 98.97 0 0 0 1.03
82 98.97 0 0 0 1.03
83 98.97 0 0 0 1.03
84 98.97 0 0 0 1.03
85 98.97 0 0 0 1.03
86 98.97 0 0 0 1.03
87 98.97 0 0 0 1.03
88 98.97 0 0 0 1.03
89 98.97 0 0 0 1.03
90 98.97 0 0 0 1.03
91 98.97 0 0 0 1.03
92 98.97 0 0 0 1.03
93 98.97 0 0 0 1.03
94 98.97 0 0 0 1.03
95 98.97 0 0 0 1.03
96 98.97 0 0 0 1.03
97 98.97 0 0 0 1.03
98 98.97 0 0 0 1.03
99 98.97 0 0 0 1.03
100 98.97 0 0 0 1.03
101 98.97 0 0 0 1.03
102 98.97 0 0 0 1.03
103 98.97 0 0 0 1.03
104 98.97 0 0 0 1.03
105 98.97 0 0 0 1.03
106 98.97 0 0 0 1.03
107 98.97 0 0 0 1.03
108 98.97 0 0 0 1.03
109 98.97 0 0 0 1.03
110 98.97 0 0 0 1.03
111 98.97 0 0 0 1.03
112 98.97 0 0 0 1.03
113 98.97 0 0 0 1.03
114 98.97 0 0 0 1.03
115 98.97 0 0 0 1.03
116 98.97 0 0 0 1.03
117 98.97 0 0 0 1.03
118 98.97 0 0 0 1.03
119 98.97 0 0 0 1.03
120 98.97 0 0 0 1.03
121 98.97 0 0 0 1.03
122 98.97 0 0 0 1.03
123 98.97 0 0 0 1.03
124 98.97 0 0 0 1.03
125 98.97 0 0 0 1.03
126 98.97 0 0 0 1.03
127 98.97 0 0 0 1.03
128 98.97 0 0 0 1.03
129 98.97 0 0 0 1.03
130 98.97 0 0 0 1.03
131 98.97 0 0 0 1.03
132 98.97 0 0 0 1.03
133 98.97 0 0 0 1.03
134 98.97 0 0 0 1.03
135 98.97 0 0 0 1.03
136 98.97 0 0 0 1.03
137 98.97 0 0 0 1.03
138 98.97 0 0 0 1.03
139 98.97 0 0 0 1.03
140 98.97 0 0 0 1.03
141 98.97 0 0 0 1.03
142 98.97 0 0 0 1.03
143 98.97 0 0 0 1.03
144 98.97 0 0 0 1.03
145 98.97 0 0 0 1.03
146 98.97 0 0 0 1.03
147 98.97 0 0 0 1.03
148 98.97 0 0 0 1.03
149 98.97 0 0 0 1.03
150 98.97 0 0 0 1.03
151 98.97 0 0 0 1.03
152 98.97 0 0 0 1.03
153 98.97 0 0 0 1.03
154 98.97 0 0 0 1.03
155 98.97 0 0 0 1.03
156 98.97 0 0 0 1.03
157 98.97 0 0 0 1.03
158 98.97 0 0 0 1.03
159 98.97 0 0 0 1.03
160 98.97 0 0 0 1.03
161 98.97 0 0 0 1.03
162 98.97 0 0 0 1.03
163 98.97 0 0 0 1.03
164 98.97 0 0 0 1.03
165 98.97 0 0 0 1.03
166 98.97 0 0 0 1.03
167 98.97 0 0 0 1.03
168 98.97 0 0 0 1.03
169 98.97 0 0 0 1.03
170 98.97 0 0 0 1.03
171 98.97 0 0 0 1.03
172 98.97 0 0 0 1.03
173 98.97 0 0 0 1.03
174 98.97 0 0 0 1.03
175 98.97 0 0 0 1.03
176 98.97 0 0 0 1.03
177 98.97 0 0 0 1.03
178 98.97 0 0 0 1.03
179 98.97 0 0 0 1.03
