0 100 0 0 0 0
1 98.92 1.08 0 0 0
2 98.92 0.77 0.31 0 0
3 98.92 0.51 0.57 0 0
4 98.92 0.26 0.77 0.05 0
5 98.92 0 0.88 0.2 0
6 98.92 0 0.67 0.41 0
7 98.92 0 0.36 0.72 0
8 98.92 0 0.2 0.88 0
9 98.92 0 0.07 1.01 0
10 98.92 0 0.02 1.06 0
11 98.92 0 0.02 1.06 0
12 98.92 0 0.02 1.06 0
13 98.92 0 0.02 1.06 0
14 98.92 0 0.02 1.06 0
15 98.92 0 0.02 1.06 0
16 98.92 0 0.02 1.06 0
17 98.92 0 0.02 1.06 0
18 98.92 0 0.02 1.06 0
19 98.92 0 0.02 1.06 0
20 98.92 0 0.02 1.06 0
21 98.92 0 0.02 1.06 0
22 98.92 0 0.02 1.06 0
23 98.92 0 0.02 1.06 0
24 98.92 0 0.02 1.06 0
25 98.92 0 0.02 1.06 0
26 98.92 0 0.02 1.06 0
27 98.92 0 0.02 1.06 0
28 98.92 0 0.02 1.06 0
29 98.92 0 0.02 1.06 0
30 98.92 0 0.02 1.06 0
31 98.92 0 0.02 1.06 0
32 98.92 0 0.02 1.06 0
33 98.92 0 0.02 1.06 0
34 98.92 0 0.02 1.06 0
35 98.92 0 0.02 1.06 0
36 98.92 0 0.02 1.06 0
37 98.92 0 0.02 1.06 0
38 98.92 0 0.02 1.06 0
39 98.92 0 0.02 1.06 0
40 98.92 0 0.02 1.06 0
41 98.92 0 0.02 1.06 0
42 98.92 0 0.02 1.06 0
43 98.92 0 0.02 1.06 0
44 98.92 0 0.02 1.06 0
45 98.92 0 0.02 1.06 0
46 98.92 0 0.02 1.06 0
47 98.92 0 0.02 1.06 0
48 98.92 0 0.02 1.06 0
49 98.92 0 0.02 1.06 0
50 98.92 0 0.02 1.06 0
51 98.92 0 0.02 1.06 0
52 98.92 0 0.02 1.06 0
53 98.92 0 0.02 1.06 0
54 98.92 0 0.02 1.06 0
55 98.92 0 0.02 1.06 0
56 98.92 0 0.02 1.06 0
57 98.92 0 0.02 1.06 0
58 98.92 0 0.02 1.06 0
59 98.92 0 0.02 1.06 0
60 98.92 0 0.02 1.06 0
61 98.92 0 0.02 1.06 0
62 98.92 0 0.02 1.06 0
63 98.92 0 0.02 1.06 0
64 98.92 0 0.02 1.06 0
65 98.92 0 0.02 1.06 0
66 98.92 0 0.02 1.06 0
67 98.92 0 0.02 1.06 0
68 98.92 0 0.02 1.06 0
69 98.92 0 0.02 1.06 0
70 98.92 0 0.02 1.06 0
71 98.92 0 0.02 1.06 0
72 98.92 0 0.02 1.06 0
73 98.92 0 0.02 1.06 0
74 98.92 0 0.02 1.06 0
75 98.92 0 0.02 1.06 0
76 98.92 0 0.02 1.06 0
77 98.92 0 0.02 1.06 0
78 98.92 0 0.02 1.06 0
79 98.92 0 0.02 1.06 0
80 98.92 0 0.02 1.06 0
81 98.92 0 0.02 1.06 0
82 98.92 0 0.02 1.06 0
83 98.92 0 0.02 1.06 0
84 98.92 0 0.02 1.06 0
85 98.92 0 0.02 1.06 0
86 98.92 0 0.02 1.06 0
87 98.92 0 0.02 1.06 0
88 98.92 0 0.02 1.06 0
89 98.92 0 0.02 1.06 0
90 98.92 0 0.02 1.06 0
91 98.92 0 0.02 1.06 0
92 98.92 0 0.02 1.06 0
93 98.92 0 0.02 1.06 0
94 98.92 0 0.02 1.06 0
95 98.92 0 0.02 1.06 0
96 98.92 0 0.02 1.06 0
97 98.92 0 0.02 1.06 0
98 98.92 0 0.02 1.06 0
99 98.92 0 0.02 1.06 0
100 98.92 0 0.02 1.06 0
101 98.92 0 0.02 1.06 0
102 98.92 0 0.02 1.06 0
103 98.92 0 0.02 1.06 0
104 98.92 0 0.02 1.06 0
105 98.92 0 0.02 1.06 0
106 98.92 0 0.02 1.06 0
107 98.92 0 0.02 1.06 0
108 98.92 0 0.02 1.06 0
109 98.92 0 0.02 1.06 0
110 98.92 0 0.02 1.06 0
111 98.92 0 0.02 1.06 0
112 98.92 0 0.02 1.06 0
113 98.92 0 0.02 1.06 0
114 98.92 0 0.02 1.06 0
115 98.92 0 0.02 1.06 0
116 98.92 0 0.02 1.06 0
117 98.92 0 0.02 1.06 0
118 98.92 0 0.02 1.06 0
119 98.92 0 0.02 1.06 0
120 98.92 0 0.02 1.06 0
121 98.92 0 0.02 1.06 0
122 98.92 0 0.02 1.06 0
123 98.92 0 0.02 1.06 0
124 98.92 0 0.02 1.06 0
125 98.92 0 0.02 1.06 0
126 98.92 0 0.02 1.06 0
127 98.92 0 0.02 1.06 0
128 98.92 0 0.02 1.06 0
129 98.92 0 0.02 1.06 0
130 98.92 0 0.02 1.06 0
131 98.92 0 0.02 1.06 0
132 98.92 0 0.02 1.06 0
133 98.92 0 0.02 1.06 0
134 98.92 0 0.02 1.06 0
135 98.92 0 0.02 1.06 0
136 98.92 0 0.02 1.06 0
137 98.92 0 0.02 1.06 0
138 98.92 0 0.02 1.06 0
139 98.92 0 0.02 1.06 0
140 98.92 0 0.02 1.06 0
141 98.92 0 0.02 1.06 0
142 98.92 0 0.02 1.06 0
143 98.92 0 0.02 1.06 0
144 98.92 0 0.02 1.06 0
145 98.92 0 0.02 1.06 0
146 98.92 0 0.02 1.06 0
147 98.92 0 0.02 1.06 0
148 98.92 0 0.02 1.06 0
149 98.92 0 0.02 1.06 0
150 98.92 0 0.02 1.06 0
151 98.92 0 0.02 1.06 0
152 98.92 0 0.02 1.06 0
153 98.92 0 0.02 1.06 0
154 98.92 0 0.02 1.06 0
155 98.92 0 0.02 1.06 0
156 98.92 0 0.02 1.06 0
157 98.92 0 0.02 1.06 0
158 98.92 0 0.02 1.06 0
159 98.92 0 0.02 1.06 0
160 98.92 0 0.02 1.06 0
161 98.92 0 0.02 1.06 0
162 98.92 0 0.02 1.06 0
163 98.92 0 0.02 1.06 0
164 98.92 0 0.02 1.06 0
165 98.92 0 0.02 1.06 0
166 98.92 0 0.02 1.06 0
167 98.92 0 0.02 1.06 0
168 98.92 0 0.02 1.06 0
169 98.92 0 0.02 1.06 0
170 98.92 0 0.02 1.06 0
171 98.92 0 0.02 1.06 0
172 98.92 0 0.02 1.06 0
173 98.92 0 0.02 1.06 0
174 98.92 0 0.02 1.06 0
175 98.92 0 0.02 1.06 0
176 98.92 0 0.02 1.06 0
177 98.92 0 0.02 1.06 0
178 98.92 0 0.02 1.06 0
179 98.92 0 0.02 1.06 0
