1 0 34 2014 0
2 0 10 0 0
3 0 12 0 0
4 0 4 2 0
5 0 10 161 0
6 0 7 148 0
7 0 19 4 0
8 0 16 35 0
9 0 24 129 0
10 0 15 10 0
11 0 15 42 0
12 0 27 7 0
13 0 24 39 0
14 0 27 132 0
15 0 27 27 0
16 0 49 28 0
17 0 48 16 0
18 0 44 98 0
19 0 51 6 0
20 0 63 24 0
21 0 79 13 0
22 0 87 18 0
23 0 87 15 0
24 0 103 14 0
25 0 107 23 0
26 0 103 19 0
27 0 128 14 0
28 0 123 18 0
29 0 154 20 0
30 0 149 14 0
31 0 154 20 0
32 0 172 7 0
33 0 201 20 0
34 0 227 18 0
35 0 201 14 0
36 0 240 16 0
37 0 237 20 0
38 0 248 12 0
39 0 236 9 0
40 0 254 22 0
41 0 230 16 0
42 0 251 10 0
43 0 262 14 0
44 0 239 8 0
45 0 248 14 0
46 0 225 12 0
47 0 237 3 0
48 0 207 9 0
49 0 213 6 0
50 0 177 3 0
51 0 177 7 0
52 0 177 4 0
53 0 166 1 0
54 0 127 1 0
55 0 127 2 0
56 0 122 5 0
57 0 129 0 0
58 0 83 0 0
59 0 80 3 0
60 0 71 2 0
61 0 53 1 0
62 0 50 1 0
63 0 48 3 0
64 0 40 0 0
65 0 27 0 0
66 0 32 1 0
67 0 27 2 0
68 0 23 0 0
69 0 12 0 0
70 0 19 0 0
71 0 22 0 0
72 0 13 0 0
73 0 10 1 0
74 0 14 0 0
75 0 7 1 0
76 0 12 0 0
77 0 8 1 0
78 0 10 0 0
79 0 7 0 0
80 0 10 0 0
81 0 4 0 0
82 0 4 0 0
83 0 0 1 0
84 0 3 1 0
85 0 3 0 0
86 0 0 0 0
87 0 1 0 0
88 0 2 0 0
89 0 0 0 0
90 0 0 0 0
91 0 0 0 0
92 0 0 0 0
92 0 0 0 0
