1 0 34 2014 0
2 0 10 0 0
3 0 12 0 0
4 0 5 2 0
5 0 11 22 0
6 0 8 24 0
7 0 23 4 0
8 0 23 9 0
9 0 26 16 0
10 0 16 3 0
11 0 22 9 0
12 0 31 9 0
13 0 41 7 0
14 0 41 1 0
15 0 52 7 0
16 0 52 52 0
17 0 83 37 0
18 0 90 12 0
19 0 92 42 0
20 0 99 28 0
21 0 116 43 0
22 0 137 128 0
23 0 165 141 0
24 0 166 47 0
25 0 207 129 0
26 0 204 136 0
27 0 241 91 0
28 0 256 16 0
29 0 277 32 0
30 0 323 23 0
31 0 322 36 0
32 0 348 38 0
33 0 344 18 0
34 0 354 14 0
35 0 395 19 0
36 0 341 14 0
37 0 360 11 0
38 0 316 9 0
39 0 317 8 0
40 0 339 3 0
41 0 277 12 0
42 0 273 6 0
43 0 224 9 0
44 0 217 8 0
45 0 190 2 0
46 0 173 4 0
47 0 138 2 0
48 0 136 4 0
49 0 108 3 0
50 0 98 2 0
51 0 80 0 0
52 0 73 2 0
53 0 56 2 0
54 0 31 0 0
55 0 38 5 0
56 0 29 0 0
57 0 27 0 0
58 0 21 0 0
59 0 14 1 0
60 0 18 1 0
61 0 10 4 0
62 0 7 0 0
63 0 7 0 0
64 0 5 0 0
65 0 6 0 0
66 0 0 0 0
67 0 3 1 0
68 0 0 1 0
69 0 2 0 0
70 0 1 0 0
71 0 2 0 0
72 0 3 0 0
73 0 1 0 0
74 0 1 0 0
75 0 1 0 0
76 0 0 0 0
77 0 0 0 0
78 0 0 0 0
79 0 2 0 0
80 0 0 0 0
81 0 0 0 0
82 0 0 0 0
83 0 0 0 0
84 0 0 0 0
85 0 0 0 0
86 0 1 0 0
87 0 0 0 0
88 0 0 0 0
89 0 0 0 0
89 0 0 0 0
